23:52:04 **** Rebuild of configuration Debug for project First Project ****
Info: Internal Builder is used for build
g++ -O0 -g3 -Wall -c -fmessage-length=0 -o "src\\First Project.o" "..\\src\\First Project.cpp" 
g++ -o "First Project.exe" "src\\First Project.o" 
Info: Nothing to build for First Project
00:05:18 **** Incremental Build of configuration Debug for project First Project ****
Info: Internal Builder is used for build
g++ -O0 -g3 -Wall -c -fmessage-length=0 -o "src\\First Project.o" "..\\src\\First Project.cpp" 
..\src\First Project.cpp: In function 'int main()':
..\src\First Project.cpp:8:2: error: expected ';' before 'cout'
  cout << "Это число " << a << endl;
  ^~~~
00:06:03 **** Incremental Build of configuration Debug for project First Project ****
Info: Internal Builder is used for build
g++ -O0 -g3 -Wall -c -fmessage-length=0 -o "src\\First Project.o" "..\\src\\First Project.cpp" 
g++ -o "First Project.exe" "src\\First Project.o" 
00:08:02 **** Incremental Build of configuration Debug for project First Project ****
Info: Internal Builder is used for build
g++ -O0 -g3 -Wall -c -fmessage-length=0 -o "src\\First Project.o" "..\\src\\First Project.cpp" 
g++ -o "First Project.exe" "src\\First Project.o" 
00:08:28 **** Incremental Build of configuration Debug for project First Project ****
Info: Internal Builder is used for build
g++ -O0 -g3 -Wall -c -fmessage-length=0 -o "src\\First Project.o" "..\\src\\First Project.cpp" 
g++ -o "First Project.exe" "src\\First Project.o" 
00:10:32 **** Incremental Build of configuration Debug for project First Project ****
Info: Internal Builder is used for build
g++ -O0 -g3 -Wall -c -fmessage-length=0 -o "src\\First Project.o" "..\\src\\First Project.cpp" 
..\src\First Project.cpp: In function 'int main()':
..\src\First Project.cpp:8:39: error: 'b' was not declared in this scope
  cout << "Это числа " << a << b << endl;
                                       ^
00:10:50 **** Incremental Build of configuration Debug for project First Project ****
Info: Internal Builder is used for build
g++ -O0 -g3 -Wall -c -fmessage-length=0 -o "src\\First Project.o" "..\\src\\First Project.cpp" 
g++ -o "First Project.exe" "src\\First Project.o" 
00:12:37 **** Incremental Build of configuration Debug for project First Project ****
Info: Internal Builder is used for build
g++ -O0 -g3 -Wall -c -fmessage-length=0 -o "src\\First Project.o" "..\\src\\First Project.cpp" 
g++ -o "First Project.exe" "src\\First Project.o" 
00:25:01 **** Incremental Build of configuration Debug for project First Project ****
Info: Internal Builder is used for build
g++ -O0 -g3 -Wall -c -fmessage-length=0 -o "src\\First Project.o" "..\\src\\First Project.cpp" 
..\src\First Project.cpp: In function 'int main()':
..\src\First Project.cpp:11:23: warning: comparison of constant '100000' with boolean expression is always true [-Wbool-compare]
  }else if (50001 <= a <= 100000){
            ~~~~~~~~~~~^~~~~~~~~
..\src\First Project.cpp:11:18: warning: comparisons like 'X<=Y<=Z' do not have their mathematical meaning [-Wparentheses]
  }else if (50001 <= a <= 100000){
            ~~~~~~^~~~
g++ -o "First Project.exe" "src\\First Project.o" 
Info: Nothing to build for First Project
Info: Nothing to build for First Project
Info: Nothing to build for First Project
Info: Nothing to build for First Project
00:29:50 **** Incremental Build of configuration Debug for project First Project ****
Info: Internal Builder is used for build
g++ -O0 -g3 -Wall -c -fmessage-length=0 -o "src\\First Project.o" "..\\src\\First Project.cpp" 
..\src\First Project.cpp: In function 'int main()':
..\src\First Project.cpp:11:23: warning: comparison of constant '100000' with boolean expression is always true [-Wbool-compare]
  }else if (50001 <= a <= 100000){
            ~~~~~~~~~~~^~~~~~~~~
..\src\First Project.cpp:11:18: warning: comparisons like 'X<=Y<=Z' do not have their mathematical meaning [-Wparentheses]
  }else if (50001 <= a <= 100000){
            ~~~~~~^~~~
g++ -o "First Project.exe" "src\\First Project.o" 
19:26:54 **** Incremental Build of configuration Debug for project First Project ****
Info: Internal Builder is used for build
g++ -O0 -g3 -Wall -c -fmessage-length=0 -o "src\\First Project.o" "..\\src\\First Project.cpp" 
g++ -o "First Project.exe" "src\\First Project.o" 
20:38:24 **** Rebuild of configuration Debug for project First Project ****
Info: Internal Builder is used for build
g++ -O0 -g3 -Wall -c -fmessage-length=0 -o "src\\First Project.o" "..\\src\\First Project.cpp" 
g++ -o "First Project.exe" "src\\First Project.o" 
20:38:45 **** Incremental Build of configuration Debug for project First Project ****
Info: Internal Builder is used for build
g++ -O0 -g3 -Wall -c -fmessage-length=0 -o "src\\First Project.o" "..\\src\\First Project.cpp" 
g++ -o "First Project.exe" "src\\First Project.o" 
20:39:14 **** Incremental Build of configuration Debug for project First Project ****
Info: Internal Builder is used for build
g++ -O0 -g3 -Wall -c -fmessage-length=0 -o "src\\First Project.o" "..\\src\\First Project.cpp" 
g++ -o "First Project.exe" "src\\First Project.o" 
20:39:46 **** Incremental Build of configuration Debug for project First Project ****
Info: Internal Builder is used for build
g++ -O0 -g3 -Wall -c -fmessage-length=0 -o "src\\First Project.o" "..\\src\\First Project.cpp" 
g++ -o "First Project.exe" "src\\First Project.o" 
20:39:59 **** Incremental Build of configuration Debug for project First Project ****
Info: Internal Builder is used for build
g++ -O0 -g3 -Wall -c -fmessage-length=0 -o "src\\First Project.o" "..\\src\\First Project.cpp" 
g++ -o "First Project.exe" "src\\First Project.o" 
20:44:41 **** Incremental Build of configuration Debug for project First Project ****
Info: Internal Builder is used for build
g++ -O0 -g3 -Wall -c -fmessage-length=0 -o "src\\First Project.o" "..\\src\\First Project.cpp" 
..\src\First Project.cpp: In function 'int main()':
..\src\First Project.cpp:22:9: warning: unused variable 'k' [-Wunused-variable]
  double k = 10;
         ^
g++ -o "First Project.exe" "src\\First Project.o" 
20:45:15 **** Incremental Build of configuration Debug for project First Project ****
Info: Internal Builder is used for build
g++ -O0 -g3 -Wall -c -fmessage-length=0 -o "src\\First Project.o" "..\\src\\First Project.cpp" 
..\src\First Project.cpp: In function 'int main()':
..\src\First Project.cpp:22:9: warning: unused variable 'k' [-Wunused-variable]
  double k = 10;
         ^
g++ -o "First Project.exe" "src\\First Project.o" 
20:49:22 **** Incremental Build of configuration Debug for project First Project ****
Info: Internal Builder is used for build
g++ -O0 -g3 -Wall -c -fmessage-length=0 -o "src\\First Project.o" "..\\src\\First Project.cpp" 
..\src\First Project.cpp: In function 'int main()':
..\src\First Project.cpp:22:23: warning: for increment expression has no effect [-Wunused-value]
  for (int i = 1;i<=10;10){
                       ^~
g++ -o "First Project.exe" "src\\First Project.o" 
21:51:35 **** Rebuild of configuration Debug for project First Project ****
Info: Internal Builder is used for build
g++ -O0 -g3 -Wall -c -fmessage-length=0 -o "src\\First Project.o" "..\\src\\First Project.cpp" 
..\src\First Project.cpp:26:2: error: expected unqualified-id before 'return'
  return 0;
  ^~~~~~
..\src\First Project.cpp:27:1: error: expected declaration before '}' token
 }
 ^
21:51:56 **** Incremental Build of configuration Debug for project First Project ****
Info: Internal Builder is used for build
g++ -O0 -g3 -Wall -c -fmessage-length=0 -o "src\\First Project.o" "..\\src\\First Project.cpp" 
g++ -o "First Project.exe" "src\\First Project.o" 
22:13:02 **** Incremental Build of configuration Debug for project First Project ****
Info: Internal Builder is used for build
g++ -O0 -g3 -Wall -c -fmessage-length=0 -o "src\\First Project.o" "..\\src\\First Project.cpp" 
..\src\First Project.cpp: In function 'int main()':
..\src\First Project.cpp:26:2: error: expected '(' before 'return'
  return 0;
  ^~~~~~
..\src\First Project.cpp:26:2: error: expected primary-expression before 'return'
..\src\First Project.cpp:27:1: error: expected primary-expression before '}' token
 }
 ^
..\src\First Project.cpp:27:1: error: expected ';' before '}' token
..\src\First Project.cpp:27:1: error: expected primary-expression before '}' token
..\src\First Project.cpp:27:1: error: expected ')' before '}' token
..\src\First Project.cpp:27:1: error: expected primary-expression before '}' token
22:13:16 **** Incremental Build of configuration Debug for project First Project ****
Info: Internal Builder is used for build
g++ -O0 -g3 -Wall -c -fmessage-length=0 -o "src\\First Project.o" "..\\src\\First Project.cpp" 
g++ -o "First Project.exe" "src\\First Project.o" 
22:14:41 **** Incremental Build of configuration Debug for project First Project ****
Info: Internal Builder is used for build
g++ -O0 -g3 -Wall -c -fmessage-length=0 -o "src\\First Project.o" "..\\src\\First Project.cpp" 
g++ -o "First Project.exe" "src\\First Project.o" 
22:15:30 **** Incremental Build of configuration Debug for project First Project ****
Info: Internal Builder is used for build
g++ -O0 -g3 -Wall -c -fmessage-length=0 -o "src\\First Project.o" "..\\src\\First Project.cpp" 
g++ -o "First Project.exe" "src\\First Project.o" 
22:18:18 **** Incremental Build of configuration Debug for project First Project ****
Info: Internal Builder is used for build
g++ -O0 -g3 -Wall -c -fmessage-length=0 -o "src\\First Project.o" "..\\src\\First Project.cpp" 
g++ -o "First Project.exe" "src\\First Project.o" 
22:18:38 **** Incremental Build of configuration Debug for project First Project ****
Info: Internal Builder is used for build
g++ -O0 -g3 -Wall -c -fmessage-length=0 -o "src\\First Project.o" "..\\src\\First Project.cpp" 
g++ -o "First Project.exe" "src\\First Project.o" 
22:20:02 **** Incremental Build of configuration Debug for project First Project ****
Info: Internal Builder is used for build
g++ -O0 -g3 -Wall -c -fmessage-length=0 -o "src\\First Project.o" "..\\src\\First Project.cpp" 
g++ -o "First Project.exe" "src\\First Project.o" 
22:20:37 **** Incremental Build of configuration Debug for project First Project ****
Info: Internal Builder is used for build
g++ -O0 -g3 -Wall -c -fmessage-length=0 -o "src\\First Project.o" "..\\src\\First Project.cpp" 
g++ -o "First Project.exe" "src\\First Project.o" 
22:21:10 **** Incremental Build of configuration Debug for project First Project ****
Info: Internal Builder is used for build
g++ -O0 -g3 -Wall -c -fmessage-length=0 -o "src\\First Project.o" "..\\src\\First Project.cpp" 
g++ -o "First Project.exe" "src\\First Project.o" 
22:30:45 **** Incremental Build of configuration Debug for project First Project ****
Info: Internal Builder is used for build
g++ -O0 -g3 -Wall -c -fmessage-length=0 -o "src\\First Project.o" "..\\src\\First Project.cpp" 
..\src\First Project.cpp: In function 'int main()':
..\src\First Project.cpp:36:2: error: expected '}' at end of input
  }
  ^
22:31:31 **** Incremental Build of configuration Debug for project First Project ****
Info: Internal Builder is used for build
g++ -O0 -g3 -Wall -c -fmessage-length=0 -o "src\\First Project.o" "..\\src\\First Project.cpp" 
g++ -o "First Project.exe" "src\\First Project.o" 
22:31:43 **** Incremental Build of configuration Debug for project First Project ****
Info: Internal Builder is used for build
g++ -O0 -g3 -Wall -c -fmessage-length=0 -o "src\\First Project.o" "..\\src\\First Project.cpp" 
g++ -o "First Project.exe" "src\\First Project.o" 
c:/users/ystas/progf/bin/../lib/gcc/mingw32/6.3.0/../../../../mingw32/bin/ld.exe: cannot open output file First Project.exe: Permission denied
collect2.exe: error: ld returned 1 exit status
22:31:55 **** Incremental Build of configuration Debug for project First Project ****
Info: Internal Builder is used for build
g++ -o "First Project.exe" "src\\First Project.o" 
c:/users/ystas/progf/bin/../lib/gcc/mingw32/6.3.0/../../../../mingw32/bin/ld.exe: cannot open output file First Project.exe: Permission denied
collect2.exe: error: ld returned 1 exit status
22:32:11 **** Incremental Build of configuration Debug for project First Project ****
Info: Internal Builder is used for build
g++ -o "First Project.exe" "src\\First Project.o" 
23:08:14 **** Incremental Build of configuration Debug for project First Project ****
Info: Internal Builder is used for build
g++ -O0 -g3 -Wall -c -fmessage-length=0 -o "src\\First Project.o" "..\\src\\First Project.cpp" 
..\src\First Project.cpp: In function 'int main()':
..\src\First Project.cpp:30:12: error: 'size' was not declared in this scope
  int array[size];
            ^~~~
..\src\First Project.cpp:34:10: error: 'array' was not declared in this scope
  cout << array;
          ^~~~~
23:08:53 **** Incremental Build of configuration Debug for project First Project ****
Info: Internal Builder is used for build
g++ -O0 -g3 -Wall -c -fmessage-length=0 -o "src\\First Project.o" "..\\src\\First Project.cpp" 
g++ -o "First Project.exe" "src\\First Project.o" 
23:09:08 **** Incremental Build of configuration Debug for project First Project ****
Info: Internal Builder is used for build
g++ -O0 -g3 -Wall -c -fmessage-length=0 -o "src\\First Project.o" "..\\src\\First Project.cpp" 
g++ -o "First Project.exe" "src\\First Project.o" 
23:10:11 **** Incremental Build of configuration Debug for project First Project ****
Info: Internal Builder is used for build
g++ -O0 -g3 -Wall -c -fmessage-length=0 -o "src\\First Project.o" "..\\src\\First Project.cpp" 
g++ -o "First Project.exe" "src\\First Project.o" 
23:10:29 **** Incremental Build of configuration Debug for project First Project ****
Info: Internal Builder is used for build
g++ -O0 -g3 -Wall -c -fmessage-length=0 -o "src\\First Project.o" "..\\src\\First Project.cpp" 
g++ -o "First Project.exe" "src\\First Project.o" 
Info: Nothing to build for First Project
23:11:47 **** Incremental Build of configuration Debug for project First Project ****
Info: Internal Builder is used for build
g++ -O0 -g3 -Wall -c -fmessage-length=0 -o "src\\First Project.o" "..\\src\\First Project.cpp" 
g++ -o "First Project.exe" "src\\First Project.o" 
23:24:21 **** Incremental Build of configuration Debug for project First Project ****
Info: Internal Builder is used for build
g++ -O0 -g3 -Wall -c -fmessage-length=0 -o "src\\First Project.o" "..\\src\\First Project.cpp" 
..\src\First Project.cpp: In function 'int main()':
..\src\First Project.cpp:36:20: warning: left operand of comma operator has no effect [-Wunused-value]
  for (int i = 0; i < size,i++){
                  ~~^~~~~~
..\src\First Project.cpp:36:30: error: expected ';' before ')' token
  for (int i = 0; i < size,i++){
                              ^
23:25:00 **** Incremental Build of configuration Debug for project First Project ****
Info: Internal Builder is used for build
g++ -O0 -g3 -Wall -c -fmessage-length=0 -o "src\\First Project.o" "..\\src\\First Project.cpp" 
g++ -o "First Project.exe" "src\\First Project.o" 
23:31:24 **** Incremental Build of configuration Debug for project First Project ****
Info: Internal Builder is used for build
g++ -O0 -g3 -Wall -c -fmessage-length=0 -o "src\\First Project.o" "..\\src\\First Project.cpp" 
..\src\First Project.cpp: In function 'int main()':
..\src\First Project.cpp:40:2: error: expected ',' or ';' before 'for'
  for (int i = 0; i < Len; i++) {
  ^~~
..\src\First Project.cpp:40:18: error: 'i' was not declared in this scope
  for (int i = 0; i < Len; i++) {
                  ^
23:31:36 **** Incremental Build of configuration Debug for project First Project ****
Info: Internal Builder is used for build
g++ -O0 -g3 -Wall -c -fmessage-length=0 -o "src\\First Project.o" "..\\src\\First Project.cpp" 
g++ -o "First Project.exe" "src\\First Project.o" 
23:32:14 **** Incremental Build of configuration Debug for project First Project ****
Info: Internal Builder is used for build
g++ -O0 -g3 -Wall -c -fmessage-length=0 -o "src\\First Project.o" "..\\src\\First Project.cpp" 
g++ -o "First Project.exe" "src\\First Project.o" 
23:35:13 **** Incremental Build of configuration Debug for project First Project ****
Info: Internal Builder is used for build
g++ -O0 -g3 -Wall -c -fmessage-length=0 -o "src\\First Project.o" "..\\src\\First Project.cpp" 
g++ -o "First Project.exe" "src\\First Project.o" 
23:39:51 **** Incremental Build of configuration Debug for project First Project ****
Info: Internal Builder is used for build
g++ -O0 -g3 -Wall -c -fmessage-length=0 -o "src\\First Project.o" "..\\src\\First Project.cpp" 
..\src\First Project.cpp: In function 'int main()':
..\src\First Project.cpp:48:6: error: expected '(' before 'Ls'
   if Ls[i] < Min {
      ^~
23:41:33 **** Incremental Build of configuration Debug for project First Project ****
Info: Internal Builder is used for build
g++ -O0 -g3 -Wall -c -fmessage-length=0 -o "src\\First Project.o" "..\\src\\First Project.cpp" 
g++ -o "First Project.exe" "src\\First Project.o" 
00:16:04 **** Incremental Build of configuration Debug for project First Project ****
Info: Internal Builder is used for build
g++ -O0 -g3 -Wall -c -fmessage-length=0 -o "src\\First Project.o" "..\\src\\First Project.cpp" 
..\src\First Project.cpp: In function 'int sort(int*, int)':
..\src\First Project.cpp:39:9: error: invalid conversion from 'int*' to 'int' [-fpermissive]
  return Ls;
         ^~
..\src\First Project.cpp: In function 'int main()':
..\src\First Project.cpp:68:11: warning: unused variable 'R' [-Wunused-variable]
    double R = Ls[i];
           ^
00:16:32 **** Incremental Build of configuration Debug for project First Project ****
Info: Internal Builder is used for build
g++ -O0 -g3 -Wall -c -fmessage-length=0 -o "src\\First Project.o" "..\\src\\First Project.cpp" 
..\src\First Project.cpp: In function 'int sort(int*, int)':
..\src\First Project.cpp:39:12: error: expected primary-expression before ']' token
  return Ls[];
            ^
..\src\First Project.cpp: In function 'int main()':
..\src\First Project.cpp:68:11: warning: unused variable 'R' [-Wunused-variable]
    double R = Ls[i];
           ^
00:19:10 **** Incremental Build of configuration Debug for project First Project ****
Info: Internal Builder is used for build
g++ -O0 -g3 -Wall -c -fmessage-length=0 -o "src\\First Project.o" "..\\src\\First Project.cpp" 
..\src\First Project.cpp: In function 'int sort(int*, int)':
..\src\First Project.cpp:39:12: error: expected primary-expression before ']' token
  return Ls[];
            ^
..\src\First Project.cpp: In function 'int main()':
..\src\First Project.cpp:68:11: warning: unused variable 'R' [-Wunused-variable]
    double R = Ls[i];
           ^
00:19:24 **** Incremental Build of configuration Debug for project First Project ****
Info: Internal Builder is used for build
g++ -O0 -g3 -Wall -c -fmessage-length=0 -o "src\\First Project.o" "..\\src\\First Project.cpp" 
..\src\First Project.cpp: In function 'int main()':
..\src\First Project.cpp:55:11: warning: unused variable 'R' [-Wunused-variable]
    double R = Ls[i];
           ^
g++ -o "First Project.exe" "src\\First Project.o" 
00:21:01 **** Incremental Build of configuration Debug for project First Project ****
Info: Internal Builder is used for build
g++ -O0 -g3 -Wall -c -fmessage-length=0 -o "src\\First Project.o" "..\\src\\First Project.cpp" 
..\src\First Project.cpp: In function 'int main()':
..\src\First Project.cpp:55:8: warning: unused variable 'R' [-Wunused-variable]
    int R = Ls[i];
        ^
g++ -o "First Project.exe" "src\\First Project.o" 
c:/users/ystas/progf/bin/../lib/gcc/mingw32/6.3.0/../../../../mingw32/bin/ld.exe: cannot open output file First Project.exe: Permission denied
collect2.exe: error: ld returned 1 exit status
00:21:22 **** Incremental Build of configuration Debug for project First Project ****
Info: Internal Builder is used for build
g++ -o "First Project.exe" "src\\First Project.o" 
c:/users/ystas/progf/bin/../lib/gcc/mingw32/6.3.0/../../../../mingw32/bin/ld.exe: cannot open output file First Project.exe: Permission denied
collect2.exe: error: ld returned 1 exit status
00:22:01 **** Incremental Build of configuration Debug for project First Project ****
Info: Internal Builder is used for build
g++ -o "First Project.exe" "src\\First Project.o" 
c:/users/ystas/progf/bin/../lib/gcc/mingw32/6.3.0/../../../../mingw32/bin/ld.exe: cannot open output file First Project.exe: Permission denied
collect2.exe: error: ld returned 1 exit status
00:22:32 **** Incremental Build of configuration Debug for project First Project ****
Info: Internal Builder is used for build
g++ -O0 -g3 -Wall -c -fmessage-length=0 -o "src\\First Project.o" "..\\src\\First Project.cpp" 
..\src\First Project.cpp: In function 'int main()':
..\src\First Project.cpp:55:11: warning: unused variable 'R' [-Wunused-variable]
    double R = Ls[i];
           ^
g++ -o "First Project.exe" "src\\First Project.o" 
c:/users/ystas/progf/bin/../lib/gcc/mingw32/6.3.0/../../../../mingw32/bin/ld.exe: cannot open output file First Project.exe: Permission denied
collect2.exe: error: ld returned 1 exit status
00:22:49 **** Incremental Build of configuration Debug for project First Project ****
Info: Internal Builder is used for build
g++ -O0 -g3 -Wall -c -fmessage-length=0 -o "src\\First Project.o" "..\\src\\First Project.cpp" 
..\src\First Project.cpp: In function 'int main()':
..\src\First Project.cpp:55:11: warning: unused variable 'R' [-Wunused-variable]
    double R = Ls[i];
           ^
g++ -o "First Project.exe" "src\\First Project.o" 
c:/users/ystas/progf/bin/../lib/gcc/mingw32/6.3.0/../../../../mingw32/bin/ld.exe: cannot open output file First Project.exe: Permission denied
collect2.exe: error: ld returned 1 exit status
00:22:54 **** Incremental Build of configuration Debug for project First Project ****
Info: Internal Builder is used for build
g++ -o "First Project.exe" "src\\First Project.o" 
c:/users/ystas/progf/bin/../lib/gcc/mingw32/6.3.0/../../../../mingw32/bin/ld.exe: cannot open output file First Project.exe: Permission denied
collect2.exe: error: ld returned 1 exit status
00:24:55 **** Incremental Build of configuration Debug for project First Project ****
Info: Internal Builder is used for build
g++ -o "First Project.exe" "src\\First Project.o" 
00:25:13 **** Incremental Build of configuration Debug for project First Project ****
Info: Internal Builder is used for build
g++ -O0 -g3 -Wall -c -fmessage-length=0 -o "src\\First Project.o" "..\\src\\First Project.cpp" 
..\src\First Project.cpp: In function 'int main()':
..\src\First Project.cpp:55:8: warning: unused variable 'R' [-Wunused-variable]
    int R = Ls[i];
        ^
g++ -o "First Project.exe" "src\\First Project.o" 
00:25:55 **** Incremental Build of configuration Debug for project First Project ****
Info: Internal Builder is used for build
g++ -O0 -g3 -Wall -c -fmessage-length=0 -o "src\\First Project.o" "..\\src\\First Project.cpp" 
..\src\First Project.cpp: In function 'int main()':
..\src\First Project.cpp:55:8: warning: unused variable 'R' [-Wunused-variable]
    int R = Ls[i];
        ^
g++ -o "First Project.exe" "src\\First Project.o" 
c:/users/ystas/progf/bin/../lib/gcc/mingw32/6.3.0/../../../../mingw32/bin/ld.exe: cannot open output file First Project.exe: Permission denied
collect2.exe: error: ld returned 1 exit status
00:26:10 **** Incremental Build of configuration Debug for project First Project ****
Info: Internal Builder is used for build
g++ -o "First Project.exe" "src\\First Project.o" 
00:27:59 **** Incremental Build of configuration Debug for project First Project ****
Info: Internal Builder is used for build
g++ -O0 -g3 -Wall -c -fmessage-length=0 -o "src\\First Project.o" "..\\src\\First Project.cpp" 
..\src\First Project.cpp: In function 'int main()':
..\src\First Project.cpp:55:8: warning: unused variable 'R' [-Wunused-variable]
    int R = Ls[i];
        ^
g++ -o "First Project.exe" "src\\First Project.o" 
00:30:01 **** Incremental Build of configuration Debug for project First Project ****
Info: Internal Builder is used for build
g++ -O0 -g3 -Wall -c -fmessage-length=0 -o "src\\First Project.o" "..\\src\\First Project.cpp" 
..\src\First Project.cpp: In function 'int main()':
..\src\First Project.cpp:55:8: warning: unused variable 'R' [-Wunused-variable]
    int R = Ls[i];
        ^
g++ -o "First Project.exe" "src\\First Project.o" 
08:22:36 **** Incremental Build of configuration Debug for project First Project ****
Info: Internal Builder is used for build
g++ -O0 -g3 -Wall -c -fmessage-length=0 -o "src\\First Project.o" "..\\src\\First Project.cpp" 
..\src\First Project.cpp: In function 'int main()':
..\src\First Project.cpp:55:8: warning: unused variable 'R' [-Wunused-variable]
    int R = Ls[i];
        ^
g++ -o "First Project.exe" "src\\First Project.o" 
08:25:28 **** Incremental Build of configuration Debug for project First Project ****
Info: Internal Builder is used for build
g++ -O0 -g3 -Wall -c -fmessage-length=0 -o "src\\First Project.o" "..\\src\\First Project.cpp" 
g++ -o "First Project.exe" "src\\First Project.o" 
08:26:09 **** Incremental Build of configuration Debug for project First Project ****
Info: Internal Builder is used for build
g++ -O0 -g3 -Wall -c -fmessage-length=0 -o "src\\First Project.o" "..\\src\\First Project.cpp" 
g++ -o "First Project.exe" "src\\First Project.o" 
08:27:02 **** Incremental Build of configuration Debug for project First Project ****
Info: Internal Builder is used for build
g++ -O0 -g3 -Wall -c -fmessage-length=0 -o "src\\First Project.o" "..\\src\\First Project.cpp" 
g++ -o "First Project.exe" "src\\First Project.o" 
c:/users/ystas/progf/bin/../lib/gcc/mingw32/6.3.0/../../../../mingw32/bin/ld.exe: cannot open output file First Project.exe: Permission denied
collect2.exe: error: ld returned 1 exit status
08:27:29 **** Incremental Build of configuration Debug for project First Project ****
Info: Internal Builder is used for build
g++ -o "First Project.exe" "src\\First Project.o" 
08:39:01 **** Incremental Build of configuration Debug for project First Project ****
Info: Internal Builder is used for build
g++ -O0 -g3 -Wall -c -fmessage-length=0 -o "src\\First Project.o" "..\\src\\First Project.cpp" 
..\src\First Project.cpp: In function 'int main()':
..\src\First Project.cpp:29:5: error: redefinition of 'int main()'
 int main() {
     ^~~~
..\src\First Project.cpp:21:5: note: 'int main()' previously defined here
 int main() {
     ^~~~
08:39:24 **** Incremental Build of configuration Debug for project First Project ****
Info: Internal Builder is used for build
g++ -O0 -g3 -Wall -c -fmessage-length=0 -o "src\\First Project.o" "..\\src\\First Project.cpp" 
g++ -o "First Project.exe" "src\\First Project.o" 
09:32:42 **** Incremental Build of configuration Debug for project First Project ****
Info: Internal Builder is used for build
g++ -O0 -g3 -Wall -c -fmessage-length=0 -o "src\\First Project.o" "..\\src\\First Project.cpp" 
g++ -o "First Project.exe" "src\\First Project.o" 
09:34:39 **** Incremental Build of configuration Debug for project First Project ****
Info: Internal Builder is used for build
g++ -O0 -g3 -Wall -c -fmessage-length=0 -o "src\\First Project.o" "..\\src\\First Project.cpp" 
g++ -o "First Project.exe" "src\\First Project.o" 
09:35:30 **** Incremental Build of configuration Debug for project First Project ****
Info: Internal Builder is used for build
g++ -O0 -g3 -Wall -c -fmessage-length=0 -o "src\\First Project.o" "..\\src\\First Project.cpp" 
g++ -o "First Project.exe" "src\\First Project.o" 
09:37:41 **** Incremental Build of configuration Debug for project First Project ****
Info: Internal Builder is used for build
g++ -O0 -g3 -Wall -c -fmessage-length=0 -o "src\\First Project.o" "..\\src\\First Project.cpp" 
g++ -o "First Project.exe" "src\\First Project.o" 
09:37:54 **** Incremental Build of configuration Debug for project First Project ****
Info: Internal Builder is used for build
g++ -O0 -g3 -Wall -c -fmessage-length=0 -o "src\\First Project.o" "..\\src\\First Project.cpp" 
g++ -o "First Project.exe" "src\\First Project.o" 
09:45:08 **** Incremental Build of configuration Debug for project First Project ****
Info: Internal Builder is used for build
g++ -O0 -g3 -Wall -c -fmessage-length=0 -o "src\\First Project.o" "..\\src\\First Project.cpp" 
..\src\First Project.cpp: In function 'int main()':
..\src\First Project.cpp:19:2: error: expected ';' before 'if'
  if (a % 2 == 0){
  ^~
..\src\First Project.cpp:22:2: error: 'else' without a previous 'if'
  else {
  ^~~~
09:45:22 **** Incremental Build of configuration Debug for project First Project ****
Info: Internal Builder is used for build
g++ -O0 -g3 -Wall -c -fmessage-length=0 -o "src\\First Project.o" "..\\src\\First Project.cpp" 
..\src\First Project.cpp: In function 'int main()':
..\src\First Project.cpp:19:2: error: expected ';' before 'if'
  if (a % 2){
  ^~
..\src\First Project.cpp:22:2: error: 'else' without a previous 'if'
  else {
  ^~~~
09:45:50 **** Incremental Build of configuration Debug for project First Project ****
Info: Internal Builder is used for build
g++ -O0 -g3 -Wall -c -fmessage-length=0 -o "src\\First Project.o" "..\\src\\First Project.cpp" 
g++ -o "First Project.exe" "src\\First Project.o" 
c:/users/ystas/progf/bin/../lib/gcc/mingw32/6.3.0/../../../../mingw32/bin/ld.exe: cannot open output file First Project.exe: Permission denied
collect2.exe: error: ld returned 1 exit status
09:46:03 **** Incremental Build of configuration Debug for project First Project ****
Info: Internal Builder is used for build
g++ -o "First Project.exe" "src\\First Project.o" 
09:55:03 **** Incremental Build of configuration Debug for project First Project ****
Info: Internal Builder is used for build
g++ -O0 -g3 -Wall -c -fmessage-length=0 -o "src\\First Project.o" "..\\src\\First Project.cpp" 
g++ -o "First Project.exe" "src\\First Project.o" 
09:55:51 **** Incremental Build of configuration Debug for project First Project ****
Info: Internal Builder is used for build
g++ -O0 -g3 -Wall -c -fmessage-length=0 -o "src\\First Project.o" "..\\src\\First Project.cpp" 
g++ -o "First Project.exe" "src\\First Project.o" 
09:56:14 **** Incremental Build of configuration Debug for project First Project ****
Info: Internal Builder is used for build
g++ -O0 -g3 -Wall -c -fmessage-length=0 -o "src\\First Project.o" "..\\src\\First Project.cpp" 
g++ -o "First Project.exe" "src\\First Project.o" 
10:15:47 **** Incremental Build of configuration Debug for project First Project ****
Info: Internal Builder is used for build
g++ -O0 -g3 -Wall -c -fmessage-length=0 -o "src\\First Project.o" "..\\src\\First Project.cpp" 
g++ -o "First Project.exe" "src\\First Project.o" 
Info: Nothing to build for First Project
10:17:12 **** Incremental Build of configuration Debug for project First Project ****
Info: Internal Builder is used for build
g++ -O0 -g3 -Wall -c -fmessage-length=0 -o "src\\First Project.o" "..\\src\\First Project.cpp" 
g++ -o "First Project.exe" "src\\First Project.o" 
10:17:26 **** Incremental Build of configuration Debug for project First Project ****
Info: Internal Builder is used for build
g++ -O0 -g3 -Wall -c -fmessage-length=0 -o "src\\First Project.o" "..\\src\\First Project.cpp" 
g++ -o "First Project.exe" "src\\First Project.o" 
11:21:21 **** Incremental Build of configuration Debug for project First Project ****
Info: Internal Builder is used for build
g++ -O0 -g3 -Wall -c -fmessage-length=0 -o "src\\Laboratory work 1 - Infa.o" "..\\src\\Laboratory work 1 - Infa.cpp" 
g++ -o "First Project.exe" "src\\Laboratory work 1 - Infa.o" 
c:/users/ystas/progf/bin/../lib/gcc/mingw32/6.3.0/../../../libmingw32.a(main.o):(.text.startup+0xa0): undefined reference to `WinMain@16'
collect2.exe: error: ld returned 1 exit status
11:27:09 **** Incremental Build of configuration Debug for project First Project ****
Info: Internal Builder is used for build
g++ -o "First Project.exe" "src\\Laboratory work 1 - Infa.o" 
c:/users/ystas/progf/bin/../lib/gcc/mingw32/6.3.0/../../../libmingw32.a(main.o):(.text.startup+0xa0): undefined reference to `WinMain@16'
collect2.exe: error: ld returned 1 exit status
11:34:12 **** Incremental Build of configuration Debug for project First Project ****
Info: Internal Builder is used for build
g++ -o "First Project.exe" "src\\Laboratory work 1 - Infa.o" 
c:/users/ystas/progf/bin/../lib/gcc/mingw32/6.3.0/../../../libmingw32.a(main.o):(.text.startup+0xa0): undefined reference to `WinMain@16'
collect2.exe: error: ld returned 1 exit status
12:38:12 **** Incremental Build of configuration Debug for project First Project ****
Info: Internal Builder is used for build
g++ -O0 -g3 -Wall -c -fmessage-length=0 -o "src\\Laboratory_work_1_OAuP.o" "..\\src\\Laboratory_work_1_OAuP.cpp" 
..\src\Laboratory_work_1_OAuP.cpp:6:2: error: expected unqualified-id before 'return'
  return 0;
  ^~~~~~
..\src\Laboratory_work_1_OAuP.cpp:7:1: error: expected declaration before '}' token
 }
 ^
12:39:01 **** Incremental Build of configuration Debug for project First Project ****
Info: Internal Builder is used for build
g++ -O0 -g3 -Wall -c -fmessage-length=0 -o "src\\Laboratory_work_1_OAuP.o" "..\\src\\Laboratory_work_1_OAuP.cpp" 
..\src\Laboratory_work_1_OAuP.cpp:6:2: error: expected unqualified-id before 'return'
  return 0;
  ^~~~~~
..\src\Laboratory_work_1_OAuP.cpp:7:1: error: expected declaration before '}' token
 }
 ^
12:39:28 **** Incremental Build of configuration Debug for project First Project ****
Info: Internal Builder is used for build
g++ -O0 -g3 -Wall -c -fmessage-length=0 -o "src\\Laboratory_work_1_OAuP.o" "..\\src\\Laboratory_work_1_OAuP.cpp" 
..\src\Laboratory_work_1_OAuP.cpp:6:2: error: expected unqualified-id before 'return'
  return 0;
  ^~~~~~
..\src\Laboratory_work_1_OAuP.cpp:7:1: error: expected declaration before '}' token
 }
 ^
12:40:37 **** Incremental Build of configuration Debug for project First Project ****
Info: Internal Builder is used for build
g++ -O0 -g3 -Wall -c -fmessage-length=0 -o "src\\Laboratory_work_1_OAuP.o" "..\\src\\Laboratory_work_1_OAuP.cpp" 
..\src\Laboratory_work_1_OAuP.cpp:6:2: error: expected unqualified-id before 'return'
  return 0;
  ^~~~~~
..\src\Laboratory_work_1_OAuP.cpp:7:1: error: expected declaration before '}' token
 }
 ^
12:43:54 **** Incremental Build of configuration Debug for project First Project ****
Info: Internal Builder is used for build
g++ -O0 -g3 -Wall -c -fmessage-length=0 -o "src\\Laboratory_work_1_Infa.o" "..\\src\\Laboratory_work_1_Infa.cpp" 
g++ -o "First Project.exe" "src\\Laboratory_work_1_Infa.o" 
c:/users/ystas/progf/bin/../lib/gcc/mingw32/6.3.0/../../../libmingw32.a(main.o):(.text.startup+0xa0): undefined reference to `WinMain@16'
collect2.exe: error: ld returned 1 exit status
12:45:05 **** Incremental Build of configuration Debug for project First Project ****
Info: Internal Builder is used for build
g++ -o "First Project.exe" "src\\Laboratory_work_1_Infa.o" 
c:/users/ystas/progf/bin/../lib/gcc/mingw32/6.3.0/../../../libmingw32.a(main.o):(.text.startup+0xa0): undefined reference to `WinMain@16'
collect2.exe: error: ld returned 1 exit status
12:46:39 **** Incremental Build of configuration Debug for project First Project ****
Info: Internal Builder is used for build
g++ -o "First Project.exe" "src\\Laboratory_work_1_Infa.o" 
c:/users/ystas/progf/bin/../lib/gcc/mingw32/6.3.0/../../../libmingw32.a(main.o):(.text.startup+0xa0): undefined reference to `WinMain@16'
collect2.exe: error: ld returned 1 exit status
12:54:08 **** Incremental Build of configuration Debug for project First Project ****
Info: Internal Builder is used for build
g++ -O0 -g3 -Wall -c -fmessage-length=0 -o "src\\Laboratory_work_1_Infa.o" "..\\src\\Laboratory_work_1_Infa.cpp" 
g++ -o "First Project.exe" "src\\Laboratory_work_1_Infa.o" 
Info: Nothing to build for First Project
12:56:06 **** Incremental Build of configuration Debug for project First Project ****
Info: Internal Builder is used for build
g++ -O0 -g3 -Wall -c -fmessage-length=0 -o "src\\Test.o" "..\\src\\Test.cpp" 
g++ -o "First Project.exe" "src\\Laboratory_work_1_Infa.o" "src\\Test.o" 
c:/users/ystas/progf/bin/../lib/gcc/mingw32/6.3.0/../../../../mingw32/bin/ld.exe: cannot open output file First Project.exe: Permission denied
collect2.exe: error: ld returned 1 exit status
12:57:44 **** Incremental Build of configuration Debug for project First Project ****
Info: Internal Builder is used for build
g++ -o "First Project.exe" "src\\Laboratory_work_1_Infa.o" "src\\Test.o" 
c:/users/ystas/progf/bin/../lib/gcc/mingw32/6.3.0/../../../../mingw32/bin/ld.exe: cannot open output file First Project.exe: Permission denied
collect2.exe: error: ld returned 1 exit status
13:01:42 **** Incremental Build of configuration Debug for project First Project ****
Info: Internal Builder is used for build
g++ -O0 -g3 -Wall -c -fmessage-length=0 -o "src\\Laboratory_work_1_Infa.o" "..\\src\\Laboratory_work_1_Infa.cpp" 
g++ -o "First Project.exe" "src\\Laboratory_work_1_Infa.o" "src\\Test.o" 
c:/users/ystas/progf/bin/../lib/gcc/mingw32/6.3.0/../../../../mingw32/bin/ld.exe: cannot open output file First Project.exe: Permission denied
collect2.exe: error: ld returned 1 exit status
13:02:46 **** Incremental Build of configuration Debug for project First Project ****
Info: Internal Builder is used for build
g++ -O0 -g3 -Wall -c -fmessage-length=0 -o "src\\Laboratory_work_1_Infa.o" "..\\src\\Laboratory_work_1_Infa.cpp" 
g++ -o "First Project.exe" "src\\Laboratory_work_1_Infa.o" 
c:/users/ystas/progf/bin/../lib/gcc/mingw32/6.3.0/../../../../mingw32/bin/ld.exe: cannot open output file First Project.exe: Permission denied
collect2.exe: error: ld returned 1 exit status
13:03:30 **** Incremental Build of configuration Debug for project First Project ****
Info: Internal Builder is used for build
g++ -o "First Project.exe" "src\\Laboratory_work_1_Infa.o" 
c:/users/ystas/progf/bin/../lib/gcc/mingw32/6.3.0/../../../../mingw32/bin/ld.exe: cannot open output file First Project.exe: Permission denied
collect2.exe: error: ld returned 1 exit status
13:03:45 **** Incremental Build of configuration Debug for project First Project ****
Info: Internal Builder is used for build
g++ -o "First Project.exe" "src\\Laboratory_work_1_Infa.o" 
c:/users/ystas/progf/bin/../lib/gcc/mingw32/6.3.0/../../../../mingw32/bin/ld.exe: cannot open output file First Project.exe: Permission denied
collect2.exe: error: ld returned 1 exit status
13:04:13 **** Incremental Build of configuration Debug for project First Project ****
Info: Internal Builder is used for build
g++ -o "First Project.exe" "src\\Laboratory_work_1_Infa.o" 
c:/users/ystas/progf/bin/../lib/gcc/mingw32/6.3.0/../../../../mingw32/bin/ld.exe: cannot open output file First Project.exe: Permission denied
collect2.exe: error: ld returned 1 exit status
13:05:14 **** Incremental Build of configuration Debug for project First Project ****
Info: Internal Builder is used for build
g++ -O0 -g3 -Wall -c -fmessage-length=0 -o "src\\Laboratory_work_1_Infa.o" "..\\src\\Laboratory_work_1_Infa.cpp" 
g++ -O0 -g3 -Wall -c -fmessage-length=0 -o "src\\Test.o" "..\\src\\Test.cpp" 
g++ -o "First Project.exe" "src\\Laboratory_work_1_Infa.o" "src\\Test.o" 
c:/users/ystas/progf/bin/../lib/gcc/mingw32/6.3.0/../../../../mingw32/bin/ld.exe: cannot open output file First Project.exe: Permission denied
collect2.exe: error: ld returned 1 exit status
13:05:33 **** Incremental Build of configuration Debug for project First Project ****
Info: Internal Builder is used for build
g++ -O0 -g3 -Wall -c -fmessage-length=0 -o "src\\Test.o" "..\\src\\Test.cpp" 
g++ -o "First Project.exe" "src\\Laboratory_work_1_Infa.o" "src\\Test.o" 
c:/users/ystas/progf/bin/../lib/gcc/mingw32/6.3.0/../../../../mingw32/bin/ld.exe: cannot open output file First Project.exe: Permission denied
collect2.exe: error: ld returned 1 exit status
13:08:54 **** Incremental Build of configuration Debug for project First Project ****
Info: Internal Builder is used for build
g++ -O0 -g3 -Wall -c -fmessage-length=0 -o "src\\Test.o" "..\\src\\Test.cpp" 
g++ -o "First Project.exe" "src\\Laboratory_work_1_Infa.o" "src\\Test.o" 
c:/users/ystas/progf/bin/../lib/gcc/mingw32/6.3.0/../../../../mingw32/bin/ld.exe: cannot open output file First Project.exe: Permission denied
collect2.exe: error: ld returned 1 exit status
13:10:17 **** Incremental Build of configuration Debug for project First Project ****
Info: Internal Builder is used for build
g++ -O0 -g3 -Wall -c -fmessage-length=0 -o "src\\Laboratory_work_1_OAuP.o" "..\\src\\Laboratory_work_1_OAuP.cpp" 
g++ -O0 -g3 -Wall -c -fmessage-length=0 -o "src\\Laboratory_work_1_Infa.o" "..\\src\\Laboratory_work_1_Infa.cpp" 
g++ -o "First Project.exe" "src\\Laboratory_work_1_Infa.o" "src\\Laboratory_work_1_OAuP.o" 
Info: Nothing to build for First Project
13:20:33 **** Incremental Build of configuration Debug for project First Project ****
Info: Internal Builder is used for build
g++ -O0 -g3 -Wall -c -fmessage-length=0 -o "src\\Laboratory_work_1_OAuP.o" "..\\src\\Laboratory_work_1_OAuP.cpp" 
g++ -o "First Project.exe" "src\\Laboratory_work_1_Infa.o" "src\\Laboratory_work_1_OAuP.o" 
c:/users/ystas/progf/bin/../lib/gcc/mingw32/6.3.0/../../../../mingw32/bin/ld.exe: cannot open output file First Project.exe: Permission denied
collect2.exe: error: ld returned 1 exit status
13:21:29 **** Incremental Build of configuration Debug for project First Project ****
Info: Internal Builder is used for build
g++ -O0 -g3 -Wall -c -fmessage-length=0 -o "src\\Laboratory_work_1_OAuP.o" "..\\src\\Laboratory_work_1_OAuP.cpp" 
g++ -o "First Project.exe" "src\\Laboratory_work_1_Infa.o" "src\\Laboratory_work_1_OAuP.o" 
c:/users/ystas/progf/bin/../lib/gcc/mingw32/6.3.0/../../../../mingw32/bin/ld.exe: cannot open output file First Project.exe: Permission denied
collect2.exe: error: ld returned 1 exit status
12:45:53 **** Incremental Build of configuration Debug for project First Project ****
Info: Internal Builder is used for build
g++ -O0 -g3 -Wall -c -fmessage-length=0 -o "src\\Laboratory_work_1_Infa.o" "..\\src\\Laboratory_work_1_Infa.cpp" 
g++ -O0 -g3 -Wall -c -fmessage-length=0 -o "src\\Laboratory_work_1_OAuP.o" "..\\src\\Laboratory_work_1_OAuP.cpp" 
g++ -O0 -g3 -Wall -c -fmessage-length=0 -o "src\\Tasks_1_OAuP.o" "..\\src\\Tasks_1_OAuP.cpp" 
..\src\Tasks_1_OAuP.cpp: In function 'int main()':
..\src\Tasks_1_OAuP.cpp:9:22: error: invalid operands of types 'float' and 'int' to binary 'operator%'
  cout << a / 10 << a % 10;
                    ~~^~~~
12:46:35 **** Incremental Build of configuration Debug for project First Project ****
Info: Internal Builder is used for build
g++ -O0 -g3 -Wall -c -fmessage-length=0 -o "src\\Tasks_1_OAuP.o" "..\\src\\Tasks_1_OAuP.cpp" 
..\src\Tasks_1_OAuP.cpp: In function 'int main()':
..\src\Tasks_1_OAuP.cpp:9:22: error: invalid operands of types 'float' and 'int' to binary 'operator%'
  cout << a / 10 << a % 10;
                    ~~^~~~
12:46:41 **** Incremental Build of configuration Debug for project First Project ****
Info: Internal Builder is used for build
g++ -O0 -g3 -Wall -c -fmessage-length=0 -o "src\\Tasks_1_OAuP.o" "..\\src\\Tasks_1_OAuP.cpp" 
..\src\Tasks_1_OAuP.cpp: In function 'int main()':
..\src\Tasks_1_OAuP.cpp:9:22: error: invalid operands of types 'float' and 'int' to binary 'operator%'
  cout << a / 10 << a % 10;
                    ~~^~~~
12:48:14 **** Incremental Build of configuration Debug for project First Project ****
Info: Internal Builder is used for build
g++ -O0 -g3 -Wall -c -fmessage-length=0 -o "src\\Tasks_1_OAuP.o" "..\\src\\Tasks_1_OAuP.cpp" 
g++ -o "First Project.exe" "src\\Laboratory_work_1_Infa.o" "src\\Laboratory_work_1_OAuP.o" "src\\Tasks_1_OAuP.o" 
12:48:46 **** Incremental Build of configuration Debug for project First Project ****
Info: Internal Builder is used for build
g++ -O0 -g3 -Wall -c -fmessage-length=0 -o "src\\Tasks_1_OAuP.o" "..\\src\\Tasks_1_OAuP.cpp" 
g++ -o "First Project.exe" "src\\Laboratory_work_1_Infa.o" "src\\Laboratory_work_1_OAuP.o" "src\\Tasks_1_OAuP.o" 
13:01:13 **** Incremental Build of configuration Debug for project First Project ****
Info: Internal Builder is used for build
g++ -O0 -g3 -Wall -c -fmessage-length=0 -o "src\\Tasks_1_OAuP.o" "..\\src\\Tasks_1_OAuP.cpp" 
g++ -o "First Project.exe" "src\\Laboratory_work_1_Infa.o" "src\\Laboratory_work_1_OAuP.o" "src\\Tasks_1_OAuP.o" 
13:03:07 **** Incremental Build of configuration Debug for project First Project ****
Info: Internal Builder is used for build
g++ -O0 -g3 -Wall -c -fmessage-length=0 -o "src\\Tasks_1_OAuP.o" "..\\src\\Tasks_1_OAuP.cpp" 
g++ -o "First Project.exe" "src\\Laboratory_work_1_Infa.o" "src\\Laboratory_work_1_OAuP.o" "src\\Tasks_1_OAuP.o" 
13:09:45 **** Incremental Build of configuration Debug for project First Project ****
Info: Internal Builder is used for build
g++ -O0 -g3 -Wall -c -fmessage-length=0 -o "src\\Tasks_1_OAuP.o" "..\\src\\Tasks_1_OAuP.cpp" 
g++ -o "First Project.exe" "src\\Laboratory_work_1_Infa.o" "src\\Laboratory_work_1_OAuP.o" "src\\Tasks_1_OAuP.o" 
13:10:16 **** Incremental Build of configuration Debug for project First Project ****
Info: Internal Builder is used for build
g++ -O0 -g3 -Wall -c -fmessage-length=0 -o "src\\Tasks_1_OAuP.o" "..\\src\\Tasks_1_OAuP.cpp" 
g++ -o "First Project.exe" "src\\Laboratory_work_1_Infa.o" "src\\Laboratory_work_1_OAuP.o" "src\\Tasks_1_OAuP.o" 
c:/users/ystas/progf/bin/../lib/gcc/mingw32/6.3.0/../../../../mingw32/bin/ld.exe: cannot open output file First Project.exe: Permission denied
collect2.exe: error: ld returned 1 exit status
13:12:20 **** Incremental Build of configuration Debug for project First Project ****
Info: Internal Builder is used for build
g++ -o "First Project.exe" "src\\Laboratory_work_1_Infa.o" "src\\Laboratory_work_1_OAuP.o" "src\\Tasks_1_OAuP.o" 
c:/users/ystas/progf/bin/../lib/gcc/mingw32/6.3.0/../../../../mingw32/bin/ld.exe: cannot open output file First Project.exe: Permission denied
collect2.exe: error: ld returned 1 exit status
13:14:22 **** Incremental Build of configuration Debug for project First Project ****
Info: Internal Builder is used for build
g++ -O0 -g3 -Wall -c -fmessage-length=0 -o "src\\Tasks_1_OAuP.o" "..\\src\\Tasks_1_OAuP.cpp" 
g++ -o "First Project.exe" "src\\Laboratory_work_1_Infa.o" "src\\Laboratory_work_1_OAuP.o" "src\\Tasks_1_OAuP.o" 
c:/users/ystas/progf/bin/../lib/gcc/mingw32/6.3.0/../../../../mingw32/bin/ld.exe: cannot open output file First Project.exe: Permission denied
collect2.exe: error: ld returned 1 exit status
13:14:37 **** Incremental Build of configuration Debug for project First Project ****
Info: Internal Builder is used for build
g++ -o "First Project.exe" "src\\Laboratory_work_1_Infa.o" "src\\Laboratory_work_1_OAuP.o" "src\\Tasks_1_OAuP.o" 
c:/users/ystas/progf/bin/../lib/gcc/mingw32/6.3.0/../../../../mingw32/bin/ld.exe: cannot open output file First Project.exe: Permission denied
collect2.exe: error: ld returned 1 exit status
13:14:45 **** Incremental Build of configuration Debug for project First Project ****
Info: Internal Builder is used for build
g++ -o "First Project.exe" "src\\Laboratory_work_1_Infa.o" "src\\Laboratory_work_1_OAuP.o" "src\\Tasks_1_OAuP.o" 
c:/users/ystas/progf/bin/../lib/gcc/mingw32/6.3.0/../../../../mingw32/bin/ld.exe: cannot open output file First Project.exe: Permission denied
collect2.exe: error: ld returned 1 exit status
13:15:01 **** Incremental Build of configuration Debug for project First Project ****
Info: Internal Builder is used for build
g++ -o "First Project.exe" "src\\Laboratory_work_1_Infa.o" "src\\Laboratory_work_1_OAuP.o" "src\\Tasks_1_OAuP.o" 
c:/users/ystas/progf/bin/../lib/gcc/mingw32/6.3.0/../../../../mingw32/bin/ld.exe: cannot open output file First Project.exe: Permission denied
collect2.exe: error: ld returned 1 exit status
13:16:43 **** Incremental Build of configuration Debug for project First Project ****
Info: Internal Builder is used for build
g++ -o "First Project.exe" "src\\Laboratory_work_1_Infa.o" "src\\Laboratory_work_1_OAuP.o" "src\\Tasks_1_OAuP.o" 
c:/users/ystas/progf/bin/../lib/gcc/mingw32/6.3.0/../../../../mingw32/bin/ld.exe: cannot open output file First Project.exe: Permission denied
collect2.exe: error: ld returned 1 exit status
13:16:53 **** Incremental Build of configuration Debug for project First Project ****
Info: Internal Builder is used for build
g++ -O0 -g3 -Wall -c -fmessage-length=0 -o "src\\Tasks_1_OAuP.o" "..\\src\\Tasks_1_OAuP.cpp" 
g++ -o "First Project.exe" "src\\Laboratory_work_1_Infa.o" "src\\Laboratory_work_1_OAuP.o" "src\\Tasks_1_OAuP.o" 
c:/users/ystas/progf/bin/../lib/gcc/mingw32/6.3.0/../../../../mingw32/bin/ld.exe: cannot open output file First Project.exe: Permission denied
collect2.exe: error: ld returned 1 exit status
13:48:36 **** Incremental Build of configuration Debug for project First Project ****
Info: Internal Builder is used for build
g++ -o "First Project.exe" "src\\Laboratory_work_1_Infa.o" "src\\Laboratory_work_1_OAuP.o" "src\\Tasks_1_OAuP.o" 
c:/users/ystas/progf/bin/../lib/gcc/mingw32/6.3.0/../../../../mingw32/bin/ld.exe: cannot open output file First Project.exe: Permission denied
collect2.exe: error: ld returned 1 exit status
13:48:56 **** Incremental Build of configuration Debug for project First Project ****
Info: Internal Builder is used for build
g++ -o "First Project.exe" "src\\Laboratory_work_1_Infa.o" "src\\Laboratory_work_1_OAuP.o" "src\\Tasks_1_OAuP.o" 
c:/users/ystas/progf/bin/../lib/gcc/mingw32/6.3.0/../../../../mingw32/bin/ld.exe: cannot open output file First Project.exe: Permission denied
collect2.exe: error: ld returned 1 exit status
13:51:02 **** Incremental Build of configuration Debug for project First Project ****
Info: Internal Builder is used for build
g++ -o "First Project.exe" "src\\Laboratory_work_1_Infa.o" "src\\Laboratory_work_1_OAuP.o" "src\\Tasks_1_OAuP.o" 
c:/users/ystas/progf/bin/../lib/gcc/mingw32/6.3.0/../../../../mingw32/bin/ld.exe: cannot open output file First Project.exe: Permission denied
collect2.exe: error: ld returned 1 exit status
13:51:25 **** Incremental Build of configuration Debug for project First Project ****
Info: Internal Builder is used for build
g++ -o "First Project.exe" "src\\Laboratory_work_1_Infa.o" "src\\Laboratory_work_1_OAuP.o" "src\\Tasks_1_OAuP.o" 
c:/users/ystas/progf/bin/../lib/gcc/mingw32/6.3.0/../../../../mingw32/bin/ld.exe: cannot open output file First Project.exe: Permission denied
collect2.exe: error: ld returned 1 exit status
13:52:35 **** Incremental Build of configuration Debug for project First Project ****
Info: Internal Builder is used for build
g++ -o "First Project.exe" "src\\Laboratory_work_1_Infa.o" "src\\Laboratory_work_1_OAuP.o" "src\\Tasks_1_OAuP.o" 
c:/users/ystas/progf/bin/../lib/gcc/mingw32/6.3.0/../../../../mingw32/bin/ld.exe: cannot open output file First Project.exe: Permission denied
collect2.exe: error: ld returned 1 exit status
13:52:43 **** Incremental Build of configuration Debug for project First Project ****
Info: Internal Builder is used for build
g++ -o "First Project.exe" "src\\Laboratory_work_1_Infa.o" "src\\Laboratory_work_1_OAuP.o" "src\\Tasks_1_OAuP.o" 
c:/users/ystas/progf/bin/../lib/gcc/mingw32/6.3.0/../../../../mingw32/bin/ld.exe: cannot open output file First Project.exe: Permission denied
collect2.exe: error: ld returned 1 exit status
13:52:54 **** Incremental Build of configuration Debug for project First Project ****
Info: Internal Builder is used for build
g++ -o "First Project.exe" "src\\Laboratory_work_1_Infa.o" "src\\Laboratory_work_1_OAuP.o" "src\\Tasks_1_OAuP.o" 
c:/users/ystas/progf/bin/../lib/gcc/mingw32/6.3.0/../../../../mingw32/bin/ld.exe: cannot open output file First Project.exe: Permission denied
collect2.exe: error: ld returned 1 exit status
23:18:47 **** Incremental Build of configuration Debug for project First Project ****
Info: Internal Builder is used for build
g++ -o "First Project.exe" "src\\Laboratory_work_1_Infa.o" "src\\Laboratory_work_1_OAuP.o" "src\\Tasks_1_OAuP.o" 
23:27:21 **** Incremental Build of configuration Debug for project First Project ****
Info: Internal Builder is used for build
g++ -O0 -g3 -Wall -c -fmessage-length=0 -o "src\\Tasks_1_OAuP.o" "..\\src\\Tasks_1_OAuP.cpp" 
g++ -o "First Project.exe" "src\\Laboratory_work_1_Infa.o" "src\\Laboratory_work_1_OAuP.o" "src\\Tasks_1_OAuP.o" 
c:/users/ystas/progf/bin/../lib/gcc/mingw32/6.3.0/../../../libmingw32.a(main.o):(.text.startup+0xa0): undefined reference to `WinMain@16'
collect2.exe: error: ld returned 1 exit status
23:28:22 **** Incremental Build of configuration Debug for project First Project ****
Info: Internal Builder is used for build
g++ -O0 -g3 -Wall -c -fmessage-length=0 -o "src\\Tasks_1_OAuP.o" "..\\src\\Tasks_1_OAuP.cpp" 
..\src\Tasks_1_OAuP.cpp: In function 'int main()':
..\src\Tasks_1_OAuP.cpp:26:1: error: expected ';' before '}' token
 }
 ^
23:28:35 **** Incremental Build of configuration Debug for project First Project ****
Info: Internal Builder is used for build
g++ -O0 -g3 -Wall -c -fmessage-length=0 -o "src\\Tasks_1_OAuP.o" "..\\src\\Tasks_1_OAuP.cpp" 
..\src\Tasks_1_OAuP.cpp: In function 'int main()':
..\src\Tasks_1_OAuP.cpp:26:1: error: expected ';' before '}' token
 }
 ^
23:28:56 **** Incremental Build of configuration Debug for project First Project ****
Info: Internal Builder is used for build
g++ -O0 -g3 -Wall -c -fmessage-length=0 -o "src\\Tasks_1_OAuP.o" "..\\src\\Tasks_1_OAuP.cpp" 
g++ -o "First Project.exe" "src\\Laboratory_work_1_Infa.o" "src\\Laboratory_work_1_OAuP.o" "src\\Tasks_1_OAuP.o" 
Info: Nothing to build for First Project
23:30:07 **** Incremental Build of configuration Debug for project First Project ****
Info: Internal Builder is used for build
g++ -O0 -g3 -Wall -c -fmessage-length=0 -o "src\\Tasks_1_OAuP.o" "..\\src\\Tasks_1_OAuP.cpp" 
g++ -o "First Project.exe" "src\\Laboratory_work_1_Infa.o" "src\\Laboratory_work_1_OAuP.o" "src\\Tasks_1_OAuP.o" 
23:30:54 **** Incremental Build of configuration Debug for project First Project ****
Info: Internal Builder is used for build
g++ -O0 -g3 -Wall -c -fmessage-length=0 -o "src\\Tasks_1_OAuP.o" "..\\src\\Tasks_1_OAuP.cpp" 
..\src\Tasks_1_OAuP.cpp: In function 'int main()':
..\src\Tasks_1_OAuP.cpp:26:1: error: expected ';' before '}' token
 }
 ^
23:31:05 **** Incremental Build of configuration Debug for project First Project ****
Info: Internal Builder is used for build
g++ -O0 -g3 -Wall -c -fmessage-length=0 -o "src\\Tasks_1_OAuP.o" "..\\src\\Tasks_1_OAuP.cpp" 
..\src\Tasks_1_OAuP.cpp: In function 'int main()':
..\src\Tasks_1_OAuP.cpp:26:1: error: expected ';' before '}' token
 }
 ^
23:31:12 **** Incremental Build of configuration Debug for project First Project ****
Info: Internal Builder is used for build
g++ -O0 -g3 -Wall -c -fmessage-length=0 -o "src\\Tasks_1_OAuP.o" "..\\src\\Tasks_1_OAuP.cpp" 
..\src\Tasks_1_OAuP.cpp: In function 'int main()':
..\src\Tasks_1_OAuP.cpp:26:1: error: expected ';' before '}' token
 }
 ^
23:31:22 **** Incremental Build of configuration Debug for project First Project ****
Info: Internal Builder is used for build
g++ -O0 -g3 -Wall -c -fmessage-length=0 -o "src\\Tasks_1_OAuP.o" "..\\src\\Tasks_1_OAuP.cpp" 
g++ -o "First Project.exe" "src\\Laboratory_work_1_Infa.o" "src\\Laboratory_work_1_OAuP.o" "src\\Tasks_1_OAuP.o" 
Info: Nothing to build for First Project
23:42:24 **** Incremental Build of configuration Debug for project First Project ****
Info: Internal Builder is used for build
g++ -O0 -g3 -Wall -c -fmessage-length=0 -o "src\\Tasks_1_OAuP.o" "..\\src\\Tasks_1_OAuP.cpp" 
g++ -o "First Project.exe" "src\\Laboratory_work_1_Infa.o" "src\\Laboratory_work_1_OAuP.o" "src\\Tasks_1_OAuP.o" 
23:43:40 **** Incremental Build of configuration Debug for project First Project ****
Info: Internal Builder is used for build
g++ -O0 -g3 -Wall -c -fmessage-length=0 -o "src\\Tasks_1_OAuP.o" "..\\src\\Tasks_1_OAuP.cpp" 
g++ -o "First Project.exe" "src\\Laboratory_work_1_Infa.o" "src\\Laboratory_work_1_OAuP.o" "src\\Tasks_1_OAuP.o" 
23:44:13 **** Incremental Build of configuration Debug for project First Project ****
Info: Internal Builder is used for build
g++ -O0 -g3 -Wall -c -fmessage-length=0 -o "src\\Tasks_1_OAuP.o" "..\\src\\Tasks_1_OAuP.cpp" 
g++ -o "First Project.exe" "src\\Laboratory_work_1_Infa.o" "src\\Laboratory_work_1_OAuP.o" "src\\Tasks_1_OAuP.o" 
23:44:43 **** Incremental Build of configuration Debug for project First Project ****
Info: Internal Builder is used for build
g++ -O0 -g3 -Wall -c -fmessage-length=0 -o "src\\Tasks_1_OAuP.o" "..\\src\\Tasks_1_OAuP.cpp" 
g++ -o "First Project.exe" "src\\Laboratory_work_1_Infa.o" "src\\Laboratory_work_1_OAuP.o" "src\\Tasks_1_OAuP.o" 
23:48:53 **** Incremental Build of configuration Debug for project First Project ****
Info: Internal Builder is used for build
g++ -O0 -g3 -Wall -c -fmessage-length=0 -o "src\\Tasks_1_OAuP.o" "..\\src\\Tasks_1_OAuP.cpp" 
g++ -o "First Project.exe" "src\\Laboratory_work_1_Infa.o" "src\\Laboratory_work_1_OAuP.o" "src\\Tasks_1_OAuP.o" 
Info: Nothing to build for First Project
23:57:03 **** Incremental Build of configuration Debug for project First Project ****
Info: Internal Builder is used for build
g++ -O0 -g3 -Wall -c -fmessage-length=0 -o "src\\Tasks_1_OAuP.o" "..\\src\\Tasks_1_OAuP.cpp" 
g++ -o "First Project.exe" "src\\Laboratory_work_1_Infa.o" "src\\Laboratory_work_1_OAuP.o" "src\\Tasks_1_OAuP.o" 
Info: Nothing to build for First Project
Info: Nothing to build for First Project
00:03:37 **** Incremental Build of configuration Debug for project First Project ****
Info: Internal Builder is used for build
g++ -O0 -g3 -Wall -c -fmessage-length=0 -o "src\\Tasks_1_OAuP.o" "..\\src\\Tasks_1_OAuP.cpp" 
g++ -o "First Project.exe" "src\\Laboratory_work_1_Infa.o" "src\\Laboratory_work_1_OAuP.o" "src\\Tasks_1_OAuP.o" 
Info: Nothing to build for First Project
Info: Nothing to build for First Project
00:09:29 **** Incremental Build of configuration Debug for project First Project ****
Info: Internal Builder is used for build
g++ -O0 -g3 -Wall -c -fmessage-length=0 -o "src\\Tasks_1_OAuP.o" "..\\src\\Tasks_1_OAuP.cpp" 
g++ -o "First Project.exe" "src\\Laboratory_work_1_Infa.o" "src\\Laboratory_work_1_OAuP.o" "src\\Tasks_1_OAuP.o" 
00:09:54 **** Incremental Build of configuration Debug for project First Project ****
Info: Internal Builder is used for build
g++ -O0 -g3 -Wall -c -fmessage-length=0 -o "src\\Tasks_1_OAuP.o" "..\\src\\Tasks_1_OAuP.cpp" 
g++ -o "First Project.exe" "src\\Laboratory_work_1_Infa.o" "src\\Laboratory_work_1_OAuP.o" "src\\Tasks_1_OAuP.o" 
00:10:32 **** Incremental Build of configuration Debug for project First Project ****
Info: Internal Builder is used for build
g++ -O0 -g3 -Wall -c -fmessage-length=0 -o "src\\Tasks_1_OAuP.o" "..\\src\\Tasks_1_OAuP.cpp" 
g++ -o "First Project.exe" "src\\Laboratory_work_1_Infa.o" "src\\Laboratory_work_1_OAuP.o" "src\\Tasks_1_OAuP.o" 
18:51:11 **** Incremental Build of configuration Debug for project First Project ****
Info: Internal Builder is used for build
g++ -O0 -g3 -Wall -c -fmessage-length=0 -o "src\\Tasks_1_OAuP.o" "..\\src\\Tasks_1_OAuP.cpp" 
..\src\Tasks_1_OAuP.cpp: In function 'int main()':
..\src\Tasks_1_OAuP.cpp:115:6: warning: unused variable 'k' [-Wunused-variable]
  int k = 0;
      ^
..\src\Tasks_1_OAuP.cpp:122:1: error: expected '}' at end of input
 }
 ^
18:52:30 **** Incremental Build of configuration Debug for project First Project ****
Info: Internal Builder is used for build
g++ -O0 -g3 -Wall -c -fmessage-length=0 -o "src\\Tasks_1_OAuP.o" "..\\src\\Tasks_1_OAuP.cpp" 
g++ -o "First Project.exe" "src\\Laboratory_work_1_Infa.o" "src\\Laboratory_work_1_OAuP.o" "src\\Tasks_1_OAuP.o" 
19:55:11 **** Incremental Build of configuration Debug for project First Project ****
Info: Internal Builder is used for build
g++ -O0 -g3 -Wall -c -fmessage-length=0 -o "src\\Tasks_1_OAuP.o" "..\\src\\Tasks_1_OAuP.cpp" 
..\src\Tasks_1_OAuP.cpp: In function 'int main()':
..\src\Tasks_1_OAuP.cpp:128:13: error: no match for 'operator!=' (operand types are '__gnu_cxx::__alloc_traits<std::allocator<char> >::value_type {aka char}' and 'std::__cxx11::string {aka std::__cxx11::basic_string<char>}')
    if (s[i] != a) {
              
In file included from c:\users\ystas\progf\lib\gcc\mingw32\6.3.0\include\c++\iosfwd:40:0,
                 from c:\users\ystas\progf\lib\gcc\mingw32\6.3.0\include\c++\ios:38,
                 from c:\users\ystas\progf\lib\gcc\mingw32\6.3.0\include\c++\ostream:38,
                 from c:\users\ystas\progf\lib\gcc\mingw32\6.3.0\include\c++\iostream:39,
                 from ..\src\Tasks_1_OAuP.cpp:112:
c:\users\ystas\progf\lib\gcc\mingw32\6.3.0\include\c++\bits\postypes.h:221:5: note: candidate: template<class _StateT> bool std::operator!=(const std::fpos<_StateT>&, const std::fpos<_StateT>&)
     operator!=(const fpos<_StateT>& __lhs, const fpos<_StateT>& __rhs)
     ^~~~~~~~
c:\users\ystas\progf\lib\gcc\mingw32\6.3.0\include\c++\bits\postypes.h:221:5: note:   template argument deduction/substitution failed:
..\src\Tasks_1_OAuP.cpp:128:16: note:   mismatched types 'const std::fpos<_StateT>' and '__gnu_cxx::__alloc_traits<std::allocator<char> >::value_type {aka char}'
    if (s[i] != a) {
                ^
In file included from c:\users\ystas\progf\lib\gcc\mingw32\6.3.0\include\c++\bits\stl_algobase.h:64:0,
                 from c:\users\ystas\progf\lib\gcc\mingw32\6.3.0\include\c++\bits\char_traits.h:39,
                 from c:\users\ystas\progf\lib\gcc\mingw32\6.3.0\include\c++\ios:40,
                 from c:\users\ystas\progf\lib\gcc\mingw32\6.3.0\include\c++\ostream:38,
                 from c:\users\ystas\progf\lib\gcc\mingw32\6.3.0\include\c++\iostream:39,
                 from ..\src\Tasks_1_OAuP.cpp:112:
c:\users\ystas\progf\lib\gcc\mingw32\6.3.0\include\c++\bits\stl_pair.h:444:5: note: candidate: template<class _T1, class _T2> constexpr bool std::operator!=(const std::pair<_T1, _T2>&, const std::pair<_T1, _T2>&)
     operator!=(const pair<_T1, _T2>& __x, const pair<_T1, _T2>& __y)
     ^~~~~~~~
c:\users\ystas\progf\lib\gcc\mingw32\6.3.0\include\c++\bits\stl_pair.h:444:5: note:   template argument deduction/substitution failed:
..\src\Tasks_1_OAuP.cpp:128:16: note:   mismatched types 'const std::pair<_T1, _T2>' and '__gnu_cxx::__alloc_traits<std::allocator<char> >::value_type {aka char}'
    if (s[i] != a) {
                ^
In file included from c:\users\ystas\progf\lib\gcc\mingw32\6.3.0\include\c++\bits\stl_algobase.h:67:0,
                 from c:\users\ystas\progf\lib\gcc\mingw32\6.3.0\include\c++\bits\char_traits.h:39,
                 from c:\users\ystas\progf\lib\gcc\mingw32\6.3.0\include\c++\ios:40,
                 from c:\users\ystas\progf\lib\gcc\mingw32\6.3.0\include\c++\ostream:38,
                 from c:\users\ystas\progf\lib\gcc\mingw32\6.3.0\include\c++\iostream:39,
                 from ..\src\Tasks_1_OAuP.cpp:112:
c:\users\ystas\progf\lib\gcc\mingw32\6.3.0\include\c++\bits\stl_iterator.h:304:5: note: candidate: template<class _Iterator> bool std::operator!=(const std::reverse_iterator<_Iterator>&, const std::reverse_iterator<_Iterator>&)
     operator!=(const reverse_iterator<_Iterator>& __x,
     ^~~~~~~~
c:\users\ystas\progf\lib\gcc\mingw32\6.3.0\include\c++\bits\stl_iterator.h:304:5: note:   template argument deduction/substitution failed:
..\src\Tasks_1_OAuP.cpp:128:16: note:   mismatched types 'const std::reverse_iterator<_Iterator>' and '__gnu_cxx::__alloc_traits<std::allocator<char> >::value_type {aka char}'
    if (s[i] != a) {
                ^
In file included from c:\users\ystas\progf\lib\gcc\mingw32\6.3.0\include\c++\bits\stl_algobase.h:67:0,
                 from c:\users\ystas\progf\lib\gcc\mingw32\6.3.0\include\c++\bits\char_traits.h:39,
                 from c:\users\ystas\progf\lib\gcc\mingw32\6.3.0\include\c++\ios:40,
                 from c:\users\ystas\progf\lib\gcc\mingw32\6.3.0\include\c++\ostream:38,
                 from c:\users\ystas\progf\lib\gcc\mingw32\6.3.0\include\c++\iostream:39,
                 from ..\src\Tasks_1_OAuP.cpp:112:
c:\users\ystas\progf\lib\gcc\mingw32\6.3.0\include\c++\bits\stl_iterator.h:361:5: note: candidate: template<class _IteratorL, class _IteratorR> bool std::operator!=(const std::reverse_iterator<_Iterator>&, const std::reverse_iterator<_IteratorR>&)
     operator!=(const reverse_iterator<_IteratorL>& __x,
     ^~~~~~~~
c:\users\ystas\progf\lib\gcc\mingw32\6.3.0\include\c++\bits\stl_iterator.h:361:5: note:   template argument deduction/substitution failed:
..\src\Tasks_1_OAuP.cpp:128:16: note:   mismatched types 'const std::reverse_iterator<_Iterator>' and '__gnu_cxx::__alloc_traits<std::allocator<char> >::value_type {aka char}'
    if (s[i] != a) {
                ^
In file included from c:\users\ystas\progf\lib\gcc\mingw32\6.3.0\include\c++\bits\stl_algobase.h:67:0,
                 from c:\users\ystas\progf\lib\gcc\mingw32\6.3.0\include\c++\bits\char_traits.h:39,
                 from c:\users\ystas\progf\lib\gcc\mingw32\6.3.0\include\c++\ios:40,
                 from c:\users\ystas\progf\lib\gcc\mingw32\6.3.0\include\c++\ostream:38,
                 from c:\users\ystas\progf\lib\gcc\mingw32\6.3.0\include\c++\iostream:39,
                 from ..\src\Tasks_1_OAuP.cpp:112:
c:\users\ystas\progf\lib\gcc\mingw32\6.3.0\include\c++\bits\stl_iterator.h:1125:5: note: candidate: template<class _IteratorL, class _IteratorR> bool std::operator!=(const std::move_iterator<_IteratorL>&, const std::move_iterator<_IteratorR>&)
     operator!=(const move_iterator<_IteratorL>& __x,
     ^~~~~~~~
c:\users\ystas\progf\lib\gcc\mingw32\6.3.0\include\c++\bits\stl_iterator.h:1125:5: note:   template argument deduction/substitution failed:
..\src\Tasks_1_OAuP.cpp:128:16: note:   mismatched types 'const std::move_iterator<_IteratorL>' and '__gnu_cxx::__alloc_traits<std::allocator<char> >::value_type {aka char}'
    if (s[i] != a) {
                ^
In file included from c:\users\ystas\progf\lib\gcc\mingw32\6.3.0\include\c++\bits\stl_algobase.h:67:0,
                 from c:\users\ystas\progf\lib\gcc\mingw32\6.3.0\include\c++\bits\char_traits.h:39,
                 from c:\users\ystas\progf\lib\gcc\mingw32\6.3.0\include\c++\ios:40,
                 from c:\users\ystas\progf\lib\gcc\mingw32\6.3.0\include\c++\ostream:38,
                 from c:\users\ystas\progf\lib\gcc\mingw32\6.3.0\include\c++\iostream:39,
                 from ..\src\Tasks_1_OAuP.cpp:112:
c:\users\ystas\progf\lib\gcc\mingw32\6.3.0\include\c++\bits\stl_iterator.h:1131:5: note: candidate: template<class _Iterator> bool std::operator!=(const std::move_iterator<_IteratorL>&, const std::move_iterator<_IteratorL>&)
     operator!=(const move_iterator<_Iterator>& __x,
     ^~~~~~~~
c:\users\ystas\progf\lib\gcc\mingw32\6.3.0\include\c++\bits\stl_iterator.h:1131:5: note:   template argument deduction/substitution failed:
..\src\Tasks_1_OAuP.cpp:128:16: note:   mismatched types 'const std::move_iterator<_IteratorL>' and '__gnu_cxx::__alloc_traits<std::allocator<char> >::value_type {aka char}'
    if (s[i] != a) {
                ^
In file included from c:\users\ystas\progf\lib\gcc\mingw32\6.3.0\include\c++\string:41:0,
                 from c:\users\ystas\progf\lib\gcc\mingw32\6.3.0\include\c++\bits\locale_classes.h:40,
                 from c:\users\ystas\progf\lib\gcc\mingw32\6.3.0\include\c++\bits\ios_base.h:41,
                 from c:\users\ystas\progf\lib\gcc\mingw32\6.3.0\include\c++\ios:42,
                 from c:\users\ystas\progf\lib\gcc\mingw32\6.3.0\include\c++\ostream:38,
                 from c:\users\ystas\progf\lib\gcc\mingw32\6.3.0\include\c++\iostream:39,
                 from ..\src\Tasks_1_OAuP.cpp:112:
c:\users\ystas\progf\lib\gcc\mingw32\6.3.0\include\c++\bits\allocator.h:158:5: note: candidate: template<class _T1, class _T2> bool std::operator!=(const std::allocator<_CharT>&, const std::allocator<_T2>&)
     operator!=(const allocator<_T1>&, const allocator<_T2>&)
     ^~~~~~~~
c:\users\ystas\progf\lib\gcc\mingw32\6.3.0\include\c++\bits\allocator.h:158:5: note:   template argument deduction/substitution failed:
..\src\Tasks_1_OAuP.cpp:128:16: note:   mismatched types 'const std::allocator<_CharT>' and '__gnu_cxx::__alloc_traits<std::allocator<char> >::value_type {aka char}'
    if (s[i] != a) {
                ^
In file included from c:\users\ystas\progf\lib\gcc\mingw32\6.3.0\include\c++\string:41:0,
                 from c:\users\ystas\progf\lib\gcc\mingw32\6.3.0\include\c++\bits\locale_classes.h:40,
                 from c:\users\ystas\progf\lib\gcc\mingw32\6.3.0\include\c++\bits\ios_base.h:41,
                 from c:\users\ystas\progf\lib\gcc\mingw32\6.3.0\include\c++\ios:42,
                 from c:\users\ystas\progf\lib\gcc\mingw32\6.3.0\include\c++\ostream:38,
                 from c:\users\ystas\progf\lib\gcc\mingw32\6.3.0\include\c++\iostream:39,
                 from ..\src\Tasks_1_OAuP.cpp:112:
c:\users\ystas\progf\lib\gcc\mingw32\6.3.0\include\c++\bits\allocator.h:164:5: note: candidate: template<class _Tp> bool std::operator!=(const std::allocator<_CharT>&, const std::allocator<_CharT>&)
     operator!=(const allocator<_Tp>&, const allocator<_Tp>&)
     ^~~~~~~~
c:\users\ystas\progf\lib\gcc\mingw32\6.3.0\include\c++\bits\allocator.h:164:5: note:   template argument deduction/substitution failed:
..\src\Tasks_1_OAuP.cpp:128:16: note:   mismatched types 'const std::allocator<_CharT>' and '__gnu_cxx::__alloc_traits<std::allocator<char> >::value_type {aka char}'
    if (s[i] != a) {
                ^
In file included from c:\users\ystas\progf\lib\gcc\mingw32\6.3.0\include\c++\string:52:0,
                 from c:\users\ystas\progf\lib\gcc\mingw32\6.3.0\include\c++\bits\locale_classes.h:40,
                 from c:\users\ystas\progf\lib\gcc\mingw32\6.3.0\include\c++\bits\ios_base.h:41,
                 from c:\users\ystas\progf\lib\gcc\mingw32\6.3.0\include\c++\ios:42,
                 from c:\users\ystas\progf\lib\gcc\mingw32\6.3.0\include\c++\ostream:38,
                 from c:\users\ystas\progf\lib\gcc\mingw32\6.3.0\include\c++\iostream:39,
                 from ..\src\Tasks_1_OAuP.cpp:112:
c:\users\ystas\progf\lib\gcc\mingw32\6.3.0\include\c++\bits\basic_string.h:5097:5: note: candidate: template<class _CharT, class _Traits, class _Alloc> bool std::operator!=(const std::__cxx11::basic_string<_CharT, _Traits, _Alloc>&, const std::__cxx11::basic_string<_CharT, _Traits, _Alloc>&)
     operator!=(const basic_string<_CharT, _Traits, _Alloc>& __lhs,
     ^~~~~~~~
c:\users\ystas\progf\lib\gcc\mingw32\6.3.0\include\c++\bits\basic_string.h:5097:5: note:   template argument deduction/substitution failed:
..\src\Tasks_1_OAuP.cpp:128:16: note:   mismatched types 'const std::__cxx11::basic_string<_CharT, _Traits, _Alloc>' and '__gnu_cxx::__alloc_traits<std::allocator<char> >::value_type {aka char}'
    if (s[i] != a) {
                ^
In file included from c:\users\ystas\progf\lib\gcc\mingw32\6.3.0\include\c++\string:52:0,
                 from c:\users\ystas\progf\lib\gcc\mingw32\6.3.0\include\c++\bits\locale_classes.h:40,
                 from c:\users\ystas\progf\lib\gcc\mingw32\6.3.0\include\c++\bits\ios_base.h:41,
                 from c:\users\ystas\progf\lib\gcc\mingw32\6.3.0\include\c++\ios:42,
                 from c:\users\ystas\progf\lib\gcc\mingw32\6.3.0\include\c++\ostream:38,
                 from c:\users\ystas\progf\lib\gcc\mingw32\6.3.0\include\c++\iostream:39,
                 from ..\src\Tasks_1_OAuP.cpp:112:
c:\users\ystas\progf\lib\gcc\mingw32\6.3.0\include\c++\bits\basic_string.h:5110:5: note: candidate: template<class _CharT, class _Traits, class _Alloc> bool std::operator!=(const _CharT*, const std::__cxx11::basic_string<_CharT, _Traits, _Alloc>&)
     operator!=(const _CharT* __lhs,
     ^~~~~~~~
c:\users\ystas\progf\lib\gcc\mingw32\6.3.0\include\c++\bits\basic_string.h:5110:5: note:   template argument deduction/substitution failed:
..\src\Tasks_1_OAuP.cpp:128:16: note:   mismatched types 'const _CharT*' and 'char'
    if (s[i] != a) {
                ^
In file included from c:\users\ystas\progf\lib\gcc\mingw32\6.3.0\include\c++\string:52:0,
                 from c:\users\ystas\progf\lib\gcc\mingw32\6.3.0\include\c++\bits\locale_classes.h:40,
                 from c:\users\ystas\progf\lib\gcc\mingw32\6.3.0\include\c++\bits\ios_base.h:41,
                 from c:\users\ystas\progf\lib\gcc\mingw32\6.3.0\include\c++\ios:42,
                 from c:\users\ystas\progf\lib\gcc\mingw32\6.3.0\include\c++\ostream:38,
                 from c:\users\ystas\progf\lib\gcc\mingw32\6.3.0\include\c++\iostream:39,
                 from ..\src\Tasks_1_OAuP.cpp:112:
c:\users\ystas\progf\lib\gcc\mingw32\6.3.0\include\c++\bits\basic_string.h:5122:5: note: candidate: template<class _CharT, class _Traits, class _Alloc> bool std::operator!=(const std::__cxx11::basic_string<_CharT, _Traits, _Alloc>&, const _CharT*)
     operator!=(const basic_string<_CharT, _Traits, _Alloc>& __lhs,
     ^~~~~~~~
c:\users\ystas\progf\lib\gcc\mingw32\6.3.0\include\c++\bits\basic_string.h:5122:5: note:   template argument deduction/substitution failed:
..\src\Tasks_1_OAuP.cpp:128:16: note:   mismatched types 'const std::__cxx11::basic_string<_CharT, _Traits, _Alloc>' and '__gnu_cxx::__alloc_traits<std::allocator<char> >::value_type {aka char}'
    if (s[i] != a) {
                ^
In file included from c:\users\ystas\progf\lib\gcc\mingw32\6.3.0\include\c++\bits\ios_base.h:46:0,
                 from c:\users\ystas\progf\lib\gcc\mingw32\6.3.0\include\c++\ios:42,
                 from c:\users\ystas\progf\lib\gcc\mingw32\6.3.0\include\c++\ostream:38,
                 from c:\users\ystas\progf\lib\gcc\mingw32\6.3.0\include\c++\iostream:39,
                 from ..\src\Tasks_1_OAuP.cpp:112:
c:\users\ystas\progf\lib\gcc\mingw32\6.3.0\include\c++\system_error:311:3: note: candidate: bool std::operator!=(const std::error_code&, const std::error_code&)
   operator!=(const error_code& __lhs, const error_code& __rhs) noexcept
   ^~~~~~~~
c:\users\ystas\progf\lib\gcc\mingw32\6.3.0\include\c++\system_error:311:3: note:   no known conversion for argument 1 from '__gnu_cxx::__alloc_traits<std::allocator<char> >::value_type {aka char}' to 'const std::error_code&'
c:\users\ystas\progf\lib\gcc\mingw32\6.3.0\include\c++\system_error:315:3: note: candidate: bool std::operator!=(const std::error_code&, const std::error_condition&)
   operator!=(const error_code& __lhs, const error_condition& __rhs) noexcept
   ^~~~~~~~
c:\users\ystas\progf\lib\gcc\mingw32\6.3.0\include\c++\system_error:315:3: note:   no known conversion for argument 1 from '__gnu_cxx::__alloc_traits<std::allocator<char> >::value_type {aka char}' to 'const std::error_code&'
c:\users\ystas\progf\lib\gcc\mingw32\6.3.0\include\c++\system_error:319:3: note: candidate: bool std::operator!=(const std::error_condition&, const std::error_code&)
   operator!=(const error_condition& __lhs, const error_code& __rhs) noexcept
   ^~~~~~~~
c:\users\ystas\progf\lib\gcc\mingw32\6.3.0\include\c++\system_error:319:3: note:   no known conversion for argument 1 from '__gnu_cxx::__alloc_traits<std::allocator<char> >::value_type {aka char}' to 'const std::error_condition&'
c:\users\ystas\progf\lib\gcc\mingw32\6.3.0\include\c++\system_error:323:3: note: candidate: bool std::operator!=(const std::error_condition&, const std::error_condition&)
   operator!=(const error_condition& __lhs,
   ^~~~~~~~
c:\users\ystas\progf\lib\gcc\mingw32\6.3.0\include\c++\system_error:323:3: note:   no known conversion for argument 1 from '__gnu_cxx::__alloc_traits<std::allocator<char> >::value_type {aka char}' to 'const std::error_condition&'
In file included from c:\users\ystas\progf\lib\gcc\mingw32\6.3.0\include\c++\bits\locale_facets.h:48:0,
                 from c:\users\ystas\progf\lib\gcc\mingw32\6.3.0\include\c++\bits\basic_ios.h:37,
                 from c:\users\ystas\progf\lib\gcc\mingw32\6.3.0\include\c++\ios:44,
                 from c:\users\ystas\progf\lib\gcc\mingw32\6.3.0\include\c++\ostream:38,
                 from c:\users\ystas\progf\lib\gcc\mingw32\6.3.0\include\c++\iostream:39,
                 from ..\src\Tasks_1_OAuP.cpp:112:
c:\users\ystas\progf\lib\gcc\mingw32\6.3.0\include\c++\bits\streambuf_iterator.h:210:5: note: candidate: template<class _CharT, class _Traits> bool std::operator!=(const std::istreambuf_iterator<_CharT, _Traits>&, const std::istreambuf_iterator<_CharT, _Traits>&)
     operator!=(const istreambuf_iterator<_CharT, _Traits>& __a,
     ^~~~~~~~
c:\users\ystas\progf\lib\gcc\mingw32\6.3.0\include\c++\bits\streambuf_iterator.h:210:5: note:   template argument deduction/substitution failed:
..\src\Tasks_1_OAuP.cpp:128:16: note:   mismatched types 'const std::istreambuf_iterator<_CharT, _Traits>' and '__gnu_cxx::__alloc_traits<std::allocator<char> >::value_type {aka char}'
    if (s[i] != a) {
                ^
In file included from c:\users\ystas\progf\lib\gcc\mingw32\6.3.0\include\c++\mingw32\bits\c++allocator.h:33:0,
                 from c:\users\ystas\progf\lib\gcc\mingw32\6.3.0\include\c++\bits\allocator.h:46,
                 from c:\users\ystas\progf\lib\gcc\mingw32\6.3.0\include\c++\string:41,
                 from c:\users\ystas\progf\lib\gcc\mingw32\6.3.0\include\c++\bits\locale_classes.h:40,
                 from c:\users\ystas\progf\lib\gcc\mingw32\6.3.0\include\c++\bits\ios_base.h:41,
                 from c:\users\ystas\progf\lib\gcc\mingw32\6.3.0\include\c++\ios:42,
                 from c:\users\ystas\progf\lib\gcc\mingw32\6.3.0\include\c++\ostream:38,
                 from c:\users\ystas\progf\lib\gcc\mingw32\6.3.0\include\c++\iostream:39,
                 from ..\src\Tasks_1_OAuP.cpp:112:
c:\users\ystas\progf\lib\gcc\mingw32\6.3.0\include\c++\ext\new_allocator.h:144:5: note: candidate: template<class _Tp> bool __gnu_cxx::operator!=(const __gnu_cxx::new_allocator<_Tp>&, const __gnu_cxx::new_allocator<_Tp>&)
     operator!=(const new_allocator<_Tp>&, const new_allocator<_Tp>&)
     ^~~~~~~~
c:\users\ystas\progf\lib\gcc\mingw32\6.3.0\include\c++\ext\new_allocator.h:144:5: note:   template argument deduction/substitution failed:
..\src\Tasks_1_OAuP.cpp:128:16: note:   mismatched types 'const __gnu_cxx::new_allocator<_Tp>' and '__gnu_cxx::__alloc_traits<std::allocator<char> >::value_type {aka char}'
    if (s[i] != a) {
                ^
In file included from c:\users\ystas\progf\lib\gcc\mingw32\6.3.0\include\c++\bits\stl_algobase.h:67:0,
                 from c:\users\ystas\progf\lib\gcc\mingw32\6.3.0\include\c++\bits\char_traits.h:39,
                 from c:\users\ystas\progf\lib\gcc\mingw32\6.3.0\include\c++\ios:40,
                 from c:\users\ystas\progf\lib\gcc\mingw32\6.3.0\include\c++\ostream:38,
                 from c:\users\ystas\progf\lib\gcc\mingw32\6.3.0\include\c++\iostream:39,
                 from ..\src\Tasks_1_OAuP.cpp:112:
c:\users\ystas\progf\lib\gcc\mingw32\6.3.0\include\c++\bits\stl_iterator.h:877:5: note: candidate: template<class _Iterator, class _Container> bool __gnu_cxx::operator!=(const __gnu_cxx::__normal_iterator<_Iterator, _Container>&, const __gnu_cxx::__normal_iterator<_Iterator, _Container>&)
     operator!=(const __normal_iterator<_Iterator, _Container>& __lhs,
     ^~~~~~~~
c:\users\ystas\progf\lib\gcc\mingw32\6.3.0\include\c++\bits\stl_iterator.h:877:5: note:   template argument deduction/substitution failed:
..\src\Tasks_1_OAuP.cpp:128:16: note:   mismatched types 'const __gnu_cxx::__normal_iterator<_Iterator, _Container>' and '__gnu_cxx::__alloc_traits<std::allocator<char> >::value_type {aka char}'
    if (s[i] != a) {
                ^
In file included from c:\users\ystas\progf\lib\gcc\mingw32\6.3.0\include\c++\bits\stl_algobase.h:67:0,
                 from c:\users\ystas\progf\lib\gcc\mingw32\6.3.0\include\c++\bits\char_traits.h:39,
                 from c:\users\ystas\progf\lib\gcc\mingw32\6.3.0\include\c++\ios:40,
                 from c:\users\ystas\progf\lib\gcc\mingw32\6.3.0\include\c++\ostream:38,
                 from c:\users\ystas\progf\lib\gcc\mingw32\6.3.0\include\c++\iostream:39,
                 from ..\src\Tasks_1_OAuP.cpp:112:
c:\users\ystas\progf\lib\gcc\mingw32\6.3.0\include\c++\bits\stl_iterator.h:870:5: note: candidate: template<class _IteratorL, class _IteratorR, class _Container> bool __gnu_cxx::operator!=(const __gnu_cxx::__normal_iterator<_IteratorL, _Container>&, const __gnu_cxx::__normal_iterator<_IteratorR, _Container>&)
     operator!=(const __normal_iterator<_IteratorL, _Container>& __lhs,
     ^~~~~~~~
c:\users\ystas\progf\lib\gcc\mingw32\6.3.0\include\c++\bits\stl_iterator.h:870:5: note:   template argument deduction/substitution failed:
..\src\Tasks_1_OAuP.cpp:128:16: note:   mismatched types 'const __gnu_cxx::__normal_iterator<_IteratorL, _Container>' and '__gnu_cxx::__alloc_traits<std::allocator<char> >::value_type {aka char}'
    if (s[i] != a) {
                ^
19:59:03 **** Incremental Build of configuration Debug for project First Project ****
Info: Internal Builder is used for build
g++ -O0 -g3 -Wall -c -fmessage-length=0 -o "src\\Tasks_1_OAuP.o" "..\\src\\Tasks_1_OAuP.cpp" 
..\src\Tasks_1_OAuP.cpp: In function 'int main()':
..\src\Tasks_1_OAuP.cpp:128:16: error: no match for 'operator==' (operand types are '__gnu_cxx::__alloc_traits<std::allocator<char> >::value_type {aka char}' and 'std::__cxx11::string {aka std::__cxx11::basic_string<char>}')
    if (s.at(i) == a) {
        ~~~~~~~~^~~~
In file included from c:\users\ystas\progf\lib\gcc\mingw32\6.3.0\include\c++\iosfwd:40:0,
                 from c:\users\ystas\progf\lib\gcc\mingw32\6.3.0\include\c++\ios:38,
                 from c:\users\ystas\progf\lib\gcc\mingw32\6.3.0\include\c++\ostream:38,
                 from c:\users\ystas\progf\lib\gcc\mingw32\6.3.0\include\c++\iostream:39,
                 from ..\src\Tasks_1_OAuP.cpp:112:
c:\users\ystas\progf\lib\gcc\mingw32\6.3.0\include\c++\bits\postypes.h:216:5: note: candidate: template<class _StateT> bool std::operator==(const std::fpos<_StateT>&, const std::fpos<_StateT>&)
     operator==(const fpos<_StateT>& __lhs, const fpos<_StateT>& __rhs)
     ^~~~~~~~
c:\users\ystas\progf\lib\gcc\mingw32\6.3.0\include\c++\bits\postypes.h:216:5: note:   template argument deduction/substitution failed:
..\src\Tasks_1_OAuP.cpp:128:19: note:   mismatched types 'const std::fpos<_StateT>' and '__gnu_cxx::__alloc_traits<std::allocator<char> >::value_type {aka char}'
    if (s.at(i) == a) {
                   ^
In file included from c:\users\ystas\progf\lib\gcc\mingw32\6.3.0\include\c++\bits\stl_algobase.h:64:0,
                 from c:\users\ystas\progf\lib\gcc\mingw32\6.3.0\include\c++\bits\char_traits.h:39,
                 from c:\users\ystas\progf\lib\gcc\mingw32\6.3.0\include\c++\ios:40,
                 from c:\users\ystas\progf\lib\gcc\mingw32\6.3.0\include\c++\ostream:38,
                 from c:\users\ystas\progf\lib\gcc\mingw32\6.3.0\include\c++\iostream:39,
                 from ..\src\Tasks_1_OAuP.cpp:112:
c:\users\ystas\progf\lib\gcc\mingw32\6.3.0\include\c++\bits\stl_pair.h:431:5: note: candidate: template<class _T1, class _T2> constexpr bool std::operator==(const std::pair<_T1, _T2>&, const std::pair<_T1, _T2>&)
     operator==(const pair<_T1, _T2>& __x, const pair<_T1, _T2>& __y)
     ^~~~~~~~
c:\users\ystas\progf\lib\gcc\mingw32\6.3.0\include\c++\bits\stl_pair.h:431:5: note:   template argument deduction/substitution failed:
..\src\Tasks_1_OAuP.cpp:128:19: note:   mismatched types 'const std::pair<_T1, _T2>' and '__gnu_cxx::__alloc_traits<std::allocator<char> >::value_type {aka char}'
    if (s.at(i) == a) {
                   ^
In file included from c:\users\ystas\progf\lib\gcc\mingw32\6.3.0\include\c++\bits\stl_algobase.h:67:0,
                 from c:\users\ystas\progf\lib\gcc\mingw32\6.3.0\include\c++\bits\char_traits.h:39,
                 from c:\users\ystas\progf\lib\gcc\mingw32\6.3.0\include\c++\ios:40,
                 from c:\users\ystas\progf\lib\gcc\mingw32\6.3.0\include\c++\ostream:38,
                 from c:\users\ystas\progf\lib\gcc\mingw32\6.3.0\include\c++\iostream:39,
                 from ..\src\Tasks_1_OAuP.cpp:112:
c:\users\ystas\progf\lib\gcc\mingw32\6.3.0\include\c++\bits\stl_iterator.h:292:5: note: candidate: template<class _Iterator> bool std::operator==(const std::reverse_iterator<_Iterator>&, const std::reverse_iterator<_Iterator>&)
     operator==(const reverse_iterator<_Iterator>& __x,
     ^~~~~~~~
c:\users\ystas\progf\lib\gcc\mingw32\6.3.0\include\c++\bits\stl_iterator.h:292:5: note:   template argument deduction/substitution failed:
..\src\Tasks_1_OAuP.cpp:128:19: note:   mismatched types 'const std::reverse_iterator<_Iterator>' and '__gnu_cxx::__alloc_traits<std::allocator<char> >::value_type {aka char}'
    if (s.at(i) == a) {
                   ^
In file included from c:\users\ystas\progf\lib\gcc\mingw32\6.3.0\include\c++\bits\stl_algobase.h:67:0,
                 from c:\users\ystas\progf\lib\gcc\mingw32\6.3.0\include\c++\bits\char_traits.h:39,
                 from c:\users\ystas\progf\lib\gcc\mingw32\6.3.0\include\c++\ios:40,
                 from c:\users\ystas\progf\lib\gcc\mingw32\6.3.0\include\c++\ostream:38,
                 from c:\users\ystas\progf\lib\gcc\mingw32\6.3.0\include\c++\iostream:39,
                 from ..\src\Tasks_1_OAuP.cpp:112:
c:\users\ystas\progf\lib\gcc\mingw32\6.3.0\include\c++\bits\stl_iterator.h:349:5: note: candidate: template<class _IteratorL, class _IteratorR> bool std::operator==(const std::reverse_iterator<_Iterator>&, const std::reverse_iterator<_IteratorR>&)
     operator==(const reverse_iterator<_IteratorL>& __x,
     ^~~~~~~~
c:\users\ystas\progf\lib\gcc\mingw32\6.3.0\include\c++\bits\stl_iterator.h:349:5: note:   template argument deduction/substitution failed:
..\src\Tasks_1_OAuP.cpp:128:19: note:   mismatched types 'const std::reverse_iterator<_Iterator>' and '__gnu_cxx::__alloc_traits<std::allocator<char> >::value_type {aka char}'
    if (s.at(i) == a) {
                   ^
In file included from c:\users\ystas\progf\lib\gcc\mingw32\6.3.0\include\c++\bits\stl_algobase.h:67:0,
                 from c:\users\ystas\progf\lib\gcc\mingw32\6.3.0\include\c++\bits\char_traits.h:39,
                 from c:\users\ystas\progf\lib\gcc\mingw32\6.3.0\include\c++\ios:40,
                 from c:\users\ystas\progf\lib\gcc\mingw32\6.3.0\include\c++\ostream:38,
                 from c:\users\ystas\progf\lib\gcc\mingw32\6.3.0\include\c++\iostream:39,
                 from ..\src\Tasks_1_OAuP.cpp:112:
c:\users\ystas\progf\lib\gcc\mingw32\6.3.0\include\c++\bits\stl_iterator.h:1113:5: note: candidate: template<class _IteratorL, class _IteratorR> bool std::operator==(const std::move_iterator<_IteratorL>&, const std::move_iterator<_IteratorR>&)
     operator==(const move_iterator<_IteratorL>& __x,
     ^~~~~~~~
c:\users\ystas\progf\lib\gcc\mingw32\6.3.0\include\c++\bits\stl_iterator.h:1113:5: note:   template argument deduction/substitution failed:
..\src\Tasks_1_OAuP.cpp:128:19: note:   mismatched types 'const std::move_iterator<_IteratorL>' and '__gnu_cxx::__alloc_traits<std::allocator<char> >::value_type {aka char}'
    if (s.at(i) == a) {
                   ^
In file included from c:\users\ystas\progf\lib\gcc\mingw32\6.3.0\include\c++\bits\stl_algobase.h:67:0,
                 from c:\users\ystas\progf\lib\gcc\mingw32\6.3.0\include\c++\bits\char_traits.h:39,
                 from c:\users\ystas\progf\lib\gcc\mingw32\6.3.0\include\c++\ios:40,
                 from c:\users\ystas\progf\lib\gcc\mingw32\6.3.0\include\c++\ostream:38,
                 from c:\users\ystas\progf\lib\gcc\mingw32\6.3.0\include\c++\iostream:39,
                 from ..\src\Tasks_1_OAuP.cpp:112:
c:\users\ystas\progf\lib\gcc\mingw32\6.3.0\include\c++\bits\stl_iterator.h:1119:5: note: candidate: template<class _Iterator> bool std::operator==(const std::move_iterator<_IteratorL>&, const std::move_iterator<_IteratorL>&)
     operator==(const move_iterator<_Iterator>& __x,
     ^~~~~~~~
c:\users\ystas\progf\lib\gcc\mingw32\6.3.0\include\c++\bits\stl_iterator.h:1119:5: note:   template argument deduction/substitution failed:
..\src\Tasks_1_OAuP.cpp:128:19: note:   mismatched types 'const std::move_iterator<_IteratorL>' and '__gnu_cxx::__alloc_traits<std::allocator<char> >::value_type {aka char}'
    if (s.at(i) == a) {
                   ^
In file included from c:\users\ystas\progf\lib\gcc\mingw32\6.3.0\include\c++\string:41:0,
                 from c:\users\ystas\progf\lib\gcc\mingw32\6.3.0\include\c++\bits\locale_classes.h:40,
                 from c:\users\ystas\progf\lib\gcc\mingw32\6.3.0\include\c++\bits\ios_base.h:41,
                 from c:\users\ystas\progf\lib\gcc\mingw32\6.3.0\include\c++\ios:42,
                 from c:\users\ystas\progf\lib\gcc\mingw32\6.3.0\include\c++\ostream:38,
                 from c:\users\ystas\progf\lib\gcc\mingw32\6.3.0\include\c++\iostream:39,
                 from ..\src\Tasks_1_OAuP.cpp:112:
c:\users\ystas\progf\lib\gcc\mingw32\6.3.0\include\c++\bits\allocator.h:146:5: note: candidate: template<class _T1, class _T2> bool std::operator==(const std::allocator<_CharT>&, const std::allocator<_T2>&)
     operator==(const allocator<_T1>&, const allocator<_T2>&)
     ^~~~~~~~
c:\users\ystas\progf\lib\gcc\mingw32\6.3.0\include\c++\bits\allocator.h:146:5: note:   template argument deduction/substitution failed:
..\src\Tasks_1_OAuP.cpp:128:19: note:   mismatched types 'const std::allocator<_CharT>' and '__gnu_cxx::__alloc_traits<std::allocator<char> >::value_type {aka char}'
    if (s.at(i) == a) {
                   ^
In file included from c:\users\ystas\progf\lib\gcc\mingw32\6.3.0\include\c++\string:41:0,
                 from c:\users\ystas\progf\lib\gcc\mingw32\6.3.0\include\c++\bits\locale_classes.h:40,
                 from c:\users\ystas\progf\lib\gcc\mingw32\6.3.0\include\c++\bits\ios_base.h:41,
                 from c:\users\ystas\progf\lib\gcc\mingw32\6.3.0\include\c++\ios:42,
                 from c:\users\ystas\progf\lib\gcc\mingw32\6.3.0\include\c++\ostream:38,
                 from c:\users\ystas\progf\lib\gcc\mingw32\6.3.0\include\c++\iostream:39,
                 from ..\src\Tasks_1_OAuP.cpp:112:
c:\users\ystas\progf\lib\gcc\mingw32\6.3.0\include\c++\bits\allocator.h:152:5: note: candidate: template<class _Tp> bool std::operator==(const std::allocator<_CharT>&, const std::allocator<_CharT>&)
     operator==(const allocator<_Tp>&, const allocator<_Tp>&)
     ^~~~~~~~
c:\users\ystas\progf\lib\gcc\mingw32\6.3.0\include\c++\bits\allocator.h:152:5: note:   template argument deduction/substitution failed:
..\src\Tasks_1_OAuP.cpp:128:19: note:   mismatched types 'const std::allocator<_CharT>' and '__gnu_cxx::__alloc_traits<std::allocator<char> >::value_type {aka char}'
    if (s.at(i) == a) {
                   ^
In file included from c:\users\ystas\progf\lib\gcc\mingw32\6.3.0\include\c++\string:52:0,
                 from c:\users\ystas\progf\lib\gcc\mingw32\6.3.0\include\c++\bits\locale_classes.h:40,
                 from c:\users\ystas\progf\lib\gcc\mingw32\6.3.0\include\c++\bits\ios_base.h:41,
                 from c:\users\ystas\progf\lib\gcc\mingw32\6.3.0\include\c++\ios:42,
                 from c:\users\ystas\progf\lib\gcc\mingw32\6.3.0\include\c++\ostream:38,
                 from c:\users\ystas\progf\lib\gcc\mingw32\6.3.0\include\c++\iostream:39,
                 from ..\src\Tasks_1_OAuP.cpp:112:
c:\users\ystas\progf\lib\gcc\mingw32\6.3.0\include\c++\bits\basic_string.h:5050:5: note: candidate: template<class _CharT, class _Traits, class _Alloc> bool std::operator==(const std::__cxx11::basic_string<_CharT, _Traits, _Alloc>&, const std::__cxx11::basic_string<_CharT, _Traits, _Alloc>&)
     operator==(const basic_string<_CharT, _Traits, _Alloc>& __lhs,
     ^~~~~~~~
c:\users\ystas\progf\lib\gcc\mingw32\6.3.0\include\c++\bits\basic_string.h:5050:5: note:   template argument deduction/substitution failed:
..\src\Tasks_1_OAuP.cpp:128:19: note:   mismatched types 'const std::__cxx11::basic_string<_CharT, _Traits, _Alloc>' and '__gnu_cxx::__alloc_traits<std::allocator<char> >::value_type {aka char}'
    if (s.at(i) == a) {
                   ^
In file included from c:\users\ystas\progf\lib\gcc\mingw32\6.3.0\include\c++\string:52:0,
                 from c:\users\ystas\progf\lib\gcc\mingw32\6.3.0\include\c++\bits\locale_classes.h:40,
                 from c:\users\ystas\progf\lib\gcc\mingw32\6.3.0\include\c++\bits\ios_base.h:41,
                 from c:\users\ystas\progf\lib\gcc\mingw32\6.3.0\include\c++\ios:42,
                 from c:\users\ystas\progf\lib\gcc\mingw32\6.3.0\include\c++\ostream:38,
                 from c:\users\ystas\progf\lib\gcc\mingw32\6.3.0\include\c++\iostream:39,
                 from ..\src\Tasks_1_OAuP.cpp:112:
c:\users\ystas\progf\lib\gcc\mingw32\6.3.0\include\c++\bits\basic_string.h:5058:5: note: candidate: template<class _CharT> typename __gnu_cxx::__enable_if<std::__is_char<_Tp>::__value, bool>::__type std::operator==(const std::__cxx11::basic_string<_CharT>&, const std::__cxx11::basic_string<_CharT>&)
     operator==(const basic_string<_CharT>& __lhs,
     ^~~~~~~~
c:\users\ystas\progf\lib\gcc\mingw32\6.3.0\include\c++\bits\basic_string.h:5058:5: note:   template argument deduction/substitution failed:
..\src\Tasks_1_OAuP.cpp:128:19: note:   mismatched types 'const std::__cxx11::basic_string<_CharT>' and '__gnu_cxx::__alloc_traits<std::allocator<char> >::value_type {aka char}'
    if (s.at(i) == a) {
                   ^
In file included from c:\users\ystas\progf\lib\gcc\mingw32\6.3.0\include\c++\string:52:0,
                 from c:\users\ystas\progf\lib\gcc\mingw32\6.3.0\include\c++\bits\locale_classes.h:40,
                 from c:\users\ystas\progf\lib\gcc\mingw32\6.3.0\include\c++\bits\ios_base.h:41,
                 from c:\users\ystas\progf\lib\gcc\mingw32\6.3.0\include\c++\ios:42,
                 from c:\users\ystas\progf\lib\gcc\mingw32\6.3.0\include\c++\ostream:38,
                 from c:\users\ystas\progf\lib\gcc\mingw32\6.3.0\include\c++\iostream:39,
                 from ..\src\Tasks_1_OAuP.cpp:112:
c:\users\ystas\progf\lib\gcc\mingw32\6.3.0\include\c++\bits\basic_string.h:5072:5: note: candidate: template<class _CharT, class _Traits, class _Alloc> bool std::operator==(const _CharT*, const std::__cxx11::basic_string<_CharT, _Traits, _Alloc>&)
     operator==(const _CharT* __lhs,
     ^~~~~~~~
c:\users\ystas\progf\lib\gcc\mingw32\6.3.0\include\c++\bits\basic_string.h:5072:5: note:   template argument deduction/substitution failed:
..\src\Tasks_1_OAuP.cpp:128:19: note:   mismatched types 'const _CharT*' and 'char'
    if (s.at(i) == a) {
                   ^
In file included from c:\users\ystas\progf\lib\gcc\mingw32\6.3.0\include\c++\string:52:0,
                 from c:\users\ystas\progf\lib\gcc\mingw32\6.3.0\include\c++\bits\locale_classes.h:40,
                 from c:\users\ystas\progf\lib\gcc\mingw32\6.3.0\include\c++\bits\ios_base.h:41,
                 from c:\users\ystas\progf\lib\gcc\mingw32\6.3.0\include\c++\ios:42,
                 from c:\users\ystas\progf\lib\gcc\mingw32\6.3.0\include\c++\ostream:38,
                 from c:\users\ystas\progf\lib\gcc\mingw32\6.3.0\include\c++\iostream:39,
                 from ..\src\Tasks_1_OAuP.cpp:112:
c:\users\ystas\progf\lib\gcc\mingw32\6.3.0\include\c++\bits\basic_string.h:5084:5: note: candidate: template<class _CharT, class _Traits, class _Alloc> bool std::operator==(const std::__cxx11::basic_string<_CharT, _Traits, _Alloc>&, const _CharT*)
     operator==(const basic_string<_CharT, _Traits, _Alloc>& __lhs,
     ^~~~~~~~
c:\users\ystas\progf\lib\gcc\mingw32\6.3.0\include\c++\bits\basic_string.h:5084:5: note:   template argument deduction/substitution failed:
..\src\Tasks_1_OAuP.cpp:128:19: note:   mismatched types 'const std::__cxx11::basic_string<_CharT, _Traits, _Alloc>' and '__gnu_cxx::__alloc_traits<std::allocator<char> >::value_type {aka char}'
    if (s.at(i) == a) {
                   ^
In file included from c:\users\ystas\progf\lib\gcc\mingw32\6.3.0\include\c++\bits\ios_base.h:46:0,
                 from c:\users\ystas\progf\lib\gcc\mingw32\6.3.0\include\c++\ios:42,
                 from c:\users\ystas\progf\lib\gcc\mingw32\6.3.0\include\c++\ostream:38,
                 from c:\users\ystas\progf\lib\gcc\mingw32\6.3.0\include\c++\iostream:39,
                 from ..\src\Tasks_1_OAuP.cpp:112:
c:\users\ystas\progf\lib\gcc\mingw32\6.3.0\include\c++\system_error:284:3: note: candidate: bool std::operator==(const std::error_code&, const std::error_code&)
   operator==(const error_code& __lhs, const error_code& __rhs) noexcept
   ^~~~~~~~
c:\users\ystas\progf\lib\gcc\mingw32\6.3.0\include\c++\system_error:284:3: note:   no known conversion for argument 1 from '__gnu_cxx::__alloc_traits<std::allocator<char> >::value_type {aka char}' to 'const std::error_code&'
c:\users\ystas\progf\lib\gcc\mingw32\6.3.0\include\c++\system_error:289:3: note: candidate: bool std::operator==(const std::error_code&, const std::error_condition&)
   operator==(const error_code& __lhs, const error_condition& __rhs) noexcept
   ^~~~~~~~
c:\users\ystas\progf\lib\gcc\mingw32\6.3.0\include\c++\system_error:289:3: note:   no known conversion for argument 1 from '__gnu_cxx::__alloc_traits<std::allocator<char> >::value_type {aka char}' to 'const std::error_code&'
c:\users\ystas\progf\lib\gcc\mingw32\6.3.0\include\c++\system_error:296:3: note: candidate: bool std::operator==(const std::error_condition&, const std::error_code&)
   operator==(const error_condition& __lhs, const error_code& __rhs) noexcept
   ^~~~~~~~
c:\users\ystas\progf\lib\gcc\mingw32\6.3.0\include\c++\system_error:296:3: note:   no known conversion for argument 1 from '__gnu_cxx::__alloc_traits<std::allocator<char> >::value_type {aka char}' to 'const std::error_condition&'
c:\users\ystas\progf\lib\gcc\mingw32\6.3.0\include\c++\system_error:303:3: note: candidate: bool std::operator==(const std::error_condition&, const std::error_condition&)
   operator==(const error_condition& __lhs,
   ^~~~~~~~
c:\users\ystas\progf\lib\gcc\mingw32\6.3.0\include\c++\system_error:303:3: note:   no known conversion for argument 1 from '__gnu_cxx::__alloc_traits<std::allocator<char> >::value_type {aka char}' to 'const std::error_condition&'
In file included from c:\users\ystas\progf\lib\gcc\mingw32\6.3.0\include\c++\bits\locale_facets.h:48:0,
                 from c:\users\ystas\progf\lib\gcc\mingw32\6.3.0\include\c++\bits\basic_ios.h:37,
                 from c:\users\ystas\progf\lib\gcc\mingw32\6.3.0\include\c++\ios:44,
                 from c:\users\ystas\progf\lib\gcc\mingw32\6.3.0\include\c++\ostream:38,
                 from c:\users\ystas\progf\lib\gcc\mingw32\6.3.0\include\c++\iostream:39,
                 from ..\src\Tasks_1_OAuP.cpp:112:
c:\users\ystas\progf\lib\gcc\mingw32\6.3.0\include\c++\bits\streambuf_iterator.h:204:5: note: candidate: template<class _CharT, class _Traits> bool std::operator==(const std::istreambuf_iterator<_CharT, _Traits>&, const std::istreambuf_iterator<_CharT, _Traits>&)
     operator==(const istreambuf_iterator<_CharT, _Traits>& __a,
     ^~~~~~~~
c:\users\ystas\progf\lib\gcc\mingw32\6.3.0\include\c++\bits\streambuf_iterator.h:204:5: note:   template argument deduction/substitution failed:
..\src\Tasks_1_OAuP.cpp:128:19: note:   mismatched types 'const std::istreambuf_iterator<_CharT, _Traits>' and '__gnu_cxx::__alloc_traits<std::allocator<char> >::value_type {aka char}'
    if (s.at(i) == a) {
                   ^
In file included from c:\users\ystas\progf\lib\gcc\mingw32\6.3.0\include\c++\mingw32\bits\c++allocator.h:33:0,
                 from c:\users\ystas\progf\lib\gcc\mingw32\6.3.0\include\c++\bits\allocator.h:46,
                 from c:\users\ystas\progf\lib\gcc\mingw32\6.3.0\include\c++\string:41,
                 from c:\users\ystas\progf\lib\gcc\mingw32\6.3.0\include\c++\bits\locale_classes.h:40,
                 from c:\users\ystas\progf\lib\gcc\mingw32\6.3.0\include\c++\bits\ios_base.h:41,
                 from c:\users\ystas\progf\lib\gcc\mingw32\6.3.0\include\c++\ios:42,
                 from c:\users\ystas\progf\lib\gcc\mingw32\6.3.0\include\c++\ostream:38,
                 from c:\users\ystas\progf\lib\gcc\mingw32\6.3.0\include\c++\iostream:39,
                 from ..\src\Tasks_1_OAuP.cpp:112:
c:\users\ystas\progf\lib\gcc\mingw32\6.3.0\include\c++\ext\new_allocator.h:139:5: note: candidate: template<class _Tp> bool __gnu_cxx::operator==(const __gnu_cxx::new_allocator<_Tp>&, const __gnu_cxx::new_allocator<_Tp>&)
     operator==(const new_allocator<_Tp>&, const new_allocator<_Tp>&)
     ^~~~~~~~
c:\users\ystas\progf\lib\gcc\mingw32\6.3.0\include\c++\ext\new_allocator.h:139:5: note:   template argument deduction/substitution failed:
..\src\Tasks_1_OAuP.cpp:128:19: note:   mismatched types 'const __gnu_cxx::new_allocator<_Tp>' and '__gnu_cxx::__alloc_traits<std::allocator<char> >::value_type {aka char}'
    if (s.at(i) == a) {
                   ^
In file included from c:\users\ystas\progf\lib\gcc\mingw32\6.3.0\include\c++\bits\stl_algobase.h:67:0,
                 from c:\users\ystas\progf\lib\gcc\mingw32\6.3.0\include\c++\bits\char_traits.h:39,
                 from c:\users\ystas\progf\lib\gcc\mingw32\6.3.0\include\c++\ios:40,
                 from c:\users\ystas\progf\lib\gcc\mingw32\6.3.0\include\c++\ostream:38,
                 from c:\users\ystas\progf\lib\gcc\mingw32\6.3.0\include\c++\iostream:39,
                 from ..\src\Tasks_1_OAuP.cpp:112:
c:\users\ystas\progf\lib\gcc\mingw32\6.3.0\include\c++\bits\stl_iterator.h:863:5: note: candidate: template<class _Iterator, class _Container> bool __gnu_cxx::operator==(const __gnu_cxx::__normal_iterator<_Iterator, _Container>&, const __gnu_cxx::__normal_iterator<_Iterator, _Container>&)
     operator==(const __normal_iterator<_Iterator, _Container>& __lhs,
     ^~~~~~~~
c:\users\ystas\progf\lib\gcc\mingw32\6.3.0\include\c++\bits\stl_iterator.h:863:5: note:   template argument deduction/substitution failed:
..\src\Tasks_1_OAuP.cpp:128:19: note:   mismatched types 'const __gnu_cxx::__normal_iterator<_Iterator, _Container>' and '__gnu_cxx::__alloc_traits<std::allocator<char> >::value_type {aka char}'
    if (s.at(i) == a) {
                   ^
In file included from c:\users\ystas\progf\lib\gcc\mingw32\6.3.0\include\c++\bits\stl_algobase.h:67:0,
                 from c:\users\ystas\progf\lib\gcc\mingw32\6.3.0\include\c++\bits\char_traits.h:39,
                 from c:\users\ystas\progf\lib\gcc\mingw32\6.3.0\include\c++\ios:40,
                 from c:\users\ystas\progf\lib\gcc\mingw32\6.3.0\include\c++\ostream:38,
                 from c:\users\ystas\progf\lib\gcc\mingw32\6.3.0\include\c++\iostream:39,
                 from ..\src\Tasks_1_OAuP.cpp:112:
c:\users\ystas\progf\lib\gcc\mingw32\6.3.0\include\c++\bits\stl_iterator.h:856:5: note: candidate: template<class _IteratorL, class _IteratorR, class _Container> bool __gnu_cxx::operator==(const __gnu_cxx::__normal_iterator<_IteratorL, _Container>&, const __gnu_cxx::__normal_iterator<_IteratorR, _Container>&)
     operator==(const __normal_iterator<_IteratorL, _Container>& __lhs,
     ^~~~~~~~
c:\users\ystas\progf\lib\gcc\mingw32\6.3.0\include\c++\bits\stl_iterator.h:856:5: note:   template argument deduction/substitution failed:
..\src\Tasks_1_OAuP.cpp:128:19: note:   mismatched types 'const __gnu_cxx::__normal_iterator<_IteratorL, _Container>' and '__gnu_cxx::__alloc_traits<std::allocator<char> >::value_type {aka char}'
    if (s.at(i) == a) {
                   ^
20:00:54 **** Incremental Build of configuration Debug for project First Project ****
Info: Internal Builder is used for build
g++ -O0 -g3 -Wall -c -fmessage-length=0 -o "src\\Tasks_1_OAuP.o" "..\\src\\Tasks_1_OAuP.cpp" 
..\src\Tasks_1_OAuP.cpp: In function 'int main()':
..\src\Tasks_1_OAuP.cpp:128:17: error: no match for 'operator==' (operand types are '__gnu_cxx::__alloc_traits<std::allocator<char> >::value_type {aka char}' and 'std::__cxx11::string {aka std::__cxx11::basic_string<char>}')
    if ((s.at(i) == a) == True) {
         ~~~~~~~~^~~~
In file included from c:\users\ystas\progf\lib\gcc\mingw32\6.3.0\include\c++\iosfwd:40:0,
                 from c:\users\ystas\progf\lib\gcc\mingw32\6.3.0\include\c++\ios:38,
                 from c:\users\ystas\progf\lib\gcc\mingw32\6.3.0\include\c++\ostream:38,
                 from c:\users\ystas\progf\lib\gcc\mingw32\6.3.0\include\c++\iostream:39,
                 from ..\src\Tasks_1_OAuP.cpp:112:
c:\users\ystas\progf\lib\gcc\mingw32\6.3.0\include\c++\bits\postypes.h:216:5: note: candidate: template<class _StateT> bool std::operator==(const std::fpos<_StateT>&, const std::fpos<_StateT>&)
     operator==(const fpos<_StateT>& __lhs, const fpos<_StateT>& __rhs)
     ^~~~~~~~
c:\users\ystas\progf\lib\gcc\mingw32\6.3.0\include\c++\bits\postypes.h:216:5: note:   template argument deduction/substitution failed:
..\src\Tasks_1_OAuP.cpp:128:20: note:   mismatched types 'const std::fpos<_StateT>' and '__gnu_cxx::__alloc_traits<std::allocator<char> >::value_type {aka char}'
    if ((s.at(i) == a) == True) {
                    ^
In file included from c:\users\ystas\progf\lib\gcc\mingw32\6.3.0\include\c++\bits\stl_algobase.h:64:0,
                 from c:\users\ystas\progf\lib\gcc\mingw32\6.3.0\include\c++\bits\char_traits.h:39,
                 from c:\users\ystas\progf\lib\gcc\mingw32\6.3.0\include\c++\ios:40,
                 from c:\users\ystas\progf\lib\gcc\mingw32\6.3.0\include\c++\ostream:38,
                 from c:\users\ystas\progf\lib\gcc\mingw32\6.3.0\include\c++\iostream:39,
                 from ..\src\Tasks_1_OAuP.cpp:112:
c:\users\ystas\progf\lib\gcc\mingw32\6.3.0\include\c++\bits\stl_pair.h:431:5: note: candidate: template<class _T1, class _T2> constexpr bool std::operator==(const std::pair<_T1, _T2>&, const std::pair<_T1, _T2>&)
     operator==(const pair<_T1, _T2>& __x, const pair<_T1, _T2>& __y)
     ^~~~~~~~
c:\users\ystas\progf\lib\gcc\mingw32\6.3.0\include\c++\bits\stl_pair.h:431:5: note:   template argument deduction/substitution failed:
..\src\Tasks_1_OAuP.cpp:128:20: note:   mismatched types 'const std::pair<_T1, _T2>' and '__gnu_cxx::__alloc_traits<std::allocator<char> >::value_type {aka char}'
    if ((s.at(i) == a) == True) {
                    ^
In file included from c:\users\ystas\progf\lib\gcc\mingw32\6.3.0\include\c++\bits\stl_algobase.h:67:0,
                 from c:\users\ystas\progf\lib\gcc\mingw32\6.3.0\include\c++\bits\char_traits.h:39,
                 from c:\users\ystas\progf\lib\gcc\mingw32\6.3.0\include\c++\ios:40,
                 from c:\users\ystas\progf\lib\gcc\mingw32\6.3.0\include\c++\ostream:38,
                 from c:\users\ystas\progf\lib\gcc\mingw32\6.3.0\include\c++\iostream:39,
                 from ..\src\Tasks_1_OAuP.cpp:112:
c:\users\ystas\progf\lib\gcc\mingw32\6.3.0\include\c++\bits\stl_iterator.h:292:5: note: candidate: template<class _Iterator> bool std::operator==(const std::reverse_iterator<_Iterator>&, const std::reverse_iterator<_Iterator>&)
     operator==(const reverse_iterator<_Iterator>& __x,
     ^~~~~~~~
c:\users\ystas\progf\lib\gcc\mingw32\6.3.0\include\c++\bits\stl_iterator.h:292:5: note:   template argument deduction/substitution failed:
..\src\Tasks_1_OAuP.cpp:128:20: note:   mismatched types 'const std::reverse_iterator<_Iterator>' and '__gnu_cxx::__alloc_traits<std::allocator<char> >::value_type {aka char}'
    if ((s.at(i) == a) == True) {
                    ^
In file included from c:\users\ystas\progf\lib\gcc\mingw32\6.3.0\include\c++\bits\stl_algobase.h:67:0,
                 from c:\users\ystas\progf\lib\gcc\mingw32\6.3.0\include\c++\bits\char_traits.h:39,
                 from c:\users\ystas\progf\lib\gcc\mingw32\6.3.0\include\c++\ios:40,
                 from c:\users\ystas\progf\lib\gcc\mingw32\6.3.0\include\c++\ostream:38,
                 from c:\users\ystas\progf\lib\gcc\mingw32\6.3.0\include\c++\iostream:39,
                 from ..\src\Tasks_1_OAuP.cpp:112:
c:\users\ystas\progf\lib\gcc\mingw32\6.3.0\include\c++\bits\stl_iterator.h:349:5: note: candidate: template<class _IteratorL, class _IteratorR> bool std::operator==(const std::reverse_iterator<_Iterator>&, const std::reverse_iterator<_IteratorR>&)
     operator==(const reverse_iterator<_IteratorL>& __x,
     ^~~~~~~~
c:\users\ystas\progf\lib\gcc\mingw32\6.3.0\include\c++\bits\stl_iterator.h:349:5: note:   template argument deduction/substitution failed:
..\src\Tasks_1_OAuP.cpp:128:20: note:   mismatched types 'const std::reverse_iterator<_Iterator>' and '__gnu_cxx::__alloc_traits<std::allocator<char> >::value_type {aka char}'
    if ((s.at(i) == a) == True) {
                    ^
In file included from c:\users\ystas\progf\lib\gcc\mingw32\6.3.0\include\c++\bits\stl_algobase.h:67:0,
                 from c:\users\ystas\progf\lib\gcc\mingw32\6.3.0\include\c++\bits\char_traits.h:39,
                 from c:\users\ystas\progf\lib\gcc\mingw32\6.3.0\include\c++\ios:40,
                 from c:\users\ystas\progf\lib\gcc\mingw32\6.3.0\include\c++\ostream:38,
                 from c:\users\ystas\progf\lib\gcc\mingw32\6.3.0\include\c++\iostream:39,
                 from ..\src\Tasks_1_OAuP.cpp:112:
c:\users\ystas\progf\lib\gcc\mingw32\6.3.0\include\c++\bits\stl_iterator.h:1113:5: note: candidate: template<class _IteratorL, class _IteratorR> bool std::operator==(const std::move_iterator<_IteratorL>&, const std::move_iterator<_IteratorR>&)
     operator==(const move_iterator<_IteratorL>& __x,
     ^~~~~~~~
c:\users\ystas\progf\lib\gcc\mingw32\6.3.0\include\c++\bits\stl_iterator.h:1113:5: note:   template argument deduction/substitution failed:
..\src\Tasks_1_OAuP.cpp:128:20: note:   mismatched types 'const std::move_iterator<_IteratorL>' and '__gnu_cxx::__alloc_traits<std::allocator<char> >::value_type {aka char}'
    if ((s.at(i) == a) == True) {
                    ^
In file included from c:\users\ystas\progf\lib\gcc\mingw32\6.3.0\include\c++\bits\stl_algobase.h:67:0,
                 from c:\users\ystas\progf\lib\gcc\mingw32\6.3.0\include\c++\bits\char_traits.h:39,
                 from c:\users\ystas\progf\lib\gcc\mingw32\6.3.0\include\c++\ios:40,
                 from c:\users\ystas\progf\lib\gcc\mingw32\6.3.0\include\c++\ostream:38,
                 from c:\users\ystas\progf\lib\gcc\mingw32\6.3.0\include\c++\iostream:39,
                 from ..\src\Tasks_1_OAuP.cpp:112:
c:\users\ystas\progf\lib\gcc\mingw32\6.3.0\include\c++\bits\stl_iterator.h:1119:5: note: candidate: template<class _Iterator> bool std::operator==(const std::move_iterator<_IteratorL>&, const std::move_iterator<_IteratorL>&)
     operator==(const move_iterator<_Iterator>& __x,
     ^~~~~~~~
c:\users\ystas\progf\lib\gcc\mingw32\6.3.0\include\c++\bits\stl_iterator.h:1119:5: note:   template argument deduction/substitution failed:
..\src\Tasks_1_OAuP.cpp:128:20: note:   mismatched types 'const std::move_iterator<_IteratorL>' and '__gnu_cxx::__alloc_traits<std::allocator<char> >::value_type {aka char}'
    if ((s.at(i) == a) == True) {
                    ^
In file included from c:\users\ystas\progf\lib\gcc\mingw32\6.3.0\include\c++\string:41:0,
                 from c:\users\ystas\progf\lib\gcc\mingw32\6.3.0\include\c++\bits\locale_classes.h:40,
                 from c:\users\ystas\progf\lib\gcc\mingw32\6.3.0\include\c++\bits\ios_base.h:41,
                 from c:\users\ystas\progf\lib\gcc\mingw32\6.3.0\include\c++\ios:42,
                 from c:\users\ystas\progf\lib\gcc\mingw32\6.3.0\include\c++\ostream:38,
                 from c:\users\ystas\progf\lib\gcc\mingw32\6.3.0\include\c++\iostream:39,
                 from ..\src\Tasks_1_OAuP.cpp:112:
c:\users\ystas\progf\lib\gcc\mingw32\6.3.0\include\c++\bits\allocator.h:146:5: note: candidate: template<class _T1, class _T2> bool std::operator==(const std::allocator<_CharT>&, const std::allocator<_T2>&)
     operator==(const allocator<_T1>&, const allocator<_T2>&)
     ^~~~~~~~
c:\users\ystas\progf\lib\gcc\mingw32\6.3.0\include\c++\bits\allocator.h:146:5: note:   template argument deduction/substitution failed:
..\src\Tasks_1_OAuP.cpp:128:20: note:   mismatched types 'const std::allocator<_CharT>' and '__gnu_cxx::__alloc_traits<std::allocator<char> >::value_type {aka char}'
    if ((s.at(i) == a) == True) {
                    ^
In file included from c:\users\ystas\progf\lib\gcc\mingw32\6.3.0\include\c++\string:41:0,
                 from c:\users\ystas\progf\lib\gcc\mingw32\6.3.0\include\c++\bits\locale_classes.h:40,
                 from c:\users\ystas\progf\lib\gcc\mingw32\6.3.0\include\c++\bits\ios_base.h:41,
                 from c:\users\ystas\progf\lib\gcc\mingw32\6.3.0\include\c++\ios:42,
                 from c:\users\ystas\progf\lib\gcc\mingw32\6.3.0\include\c++\ostream:38,
                 from c:\users\ystas\progf\lib\gcc\mingw32\6.3.0\include\c++\iostream:39,
                 from ..\src\Tasks_1_OAuP.cpp:112:
c:\users\ystas\progf\lib\gcc\mingw32\6.3.0\include\c++\bits\allocator.h:152:5: note: candidate: template<class _Tp> bool std::operator==(const std::allocator<_CharT>&, const std::allocator<_CharT>&)
     operator==(const allocator<_Tp>&, const allocator<_Tp>&)
     ^~~~~~~~
c:\users\ystas\progf\lib\gcc\mingw32\6.3.0\include\c++\bits\allocator.h:152:5: note:   template argument deduction/substitution failed:
..\src\Tasks_1_OAuP.cpp:128:20: note:   mismatched types 'const std::allocator<_CharT>' and '__gnu_cxx::__alloc_traits<std::allocator<char> >::value_type {aka char}'
    if ((s.at(i) == a) == True) {
                    ^
In file included from c:\users\ystas\progf\lib\gcc\mingw32\6.3.0\include\c++\string:52:0,
                 from c:\users\ystas\progf\lib\gcc\mingw32\6.3.0\include\c++\bits\locale_classes.h:40,
                 from c:\users\ystas\progf\lib\gcc\mingw32\6.3.0\include\c++\bits\ios_base.h:41,
                 from c:\users\ystas\progf\lib\gcc\mingw32\6.3.0\include\c++\ios:42,
                 from c:\users\ystas\progf\lib\gcc\mingw32\6.3.0\include\c++\ostream:38,
                 from c:\users\ystas\progf\lib\gcc\mingw32\6.3.0\include\c++\iostream:39,
                 from ..\src\Tasks_1_OAuP.cpp:112:
c:\users\ystas\progf\lib\gcc\mingw32\6.3.0\include\c++\bits\basic_string.h:5050:5: note: candidate: template<class _CharT, class _Traits, class _Alloc> bool std::operator==(const std::__cxx11::basic_string<_CharT, _Traits, _Alloc>&, const std::__cxx11::basic_string<_CharT, _Traits, _Alloc>&)
     operator==(const basic_string<_CharT, _Traits, _Alloc>& __lhs,
     ^~~~~~~~
c:\users\ystas\progf\lib\gcc\mingw32\6.3.0\include\c++\bits\basic_string.h:5050:5: note:   template argument deduction/substitution failed:
..\src\Tasks_1_OAuP.cpp:128:20: note:   mismatched types 'const std::__cxx11::basic_string<_CharT, _Traits, _Alloc>' and '__gnu_cxx::__alloc_traits<std::allocator<char> >::value_type {aka char}'
    if ((s.at(i) == a) == True) {
                    ^
In file included from c:\users\ystas\progf\lib\gcc\mingw32\6.3.0\include\c++\string:52:0,
                 from c:\users\ystas\progf\lib\gcc\mingw32\6.3.0\include\c++\bits\locale_classes.h:40,
                 from c:\users\ystas\progf\lib\gcc\mingw32\6.3.0\include\c++\bits\ios_base.h:41,
                 from c:\users\ystas\progf\lib\gcc\mingw32\6.3.0\include\c++\ios:42,
                 from c:\users\ystas\progf\lib\gcc\mingw32\6.3.0\include\c++\ostream:38,
                 from c:\users\ystas\progf\lib\gcc\mingw32\6.3.0\include\c++\iostream:39,
                 from ..\src\Tasks_1_OAuP.cpp:112:
c:\users\ystas\progf\lib\gcc\mingw32\6.3.0\include\c++\bits\basic_string.h:5058:5: note: candidate: template<class _CharT> typename __gnu_cxx::__enable_if<std::__is_char<_Tp>::__value, bool>::__type std::operator==(const std::__cxx11::basic_string<_CharT>&, const std::__cxx11::basic_string<_CharT>&)
     operator==(const basic_string<_CharT>& __lhs,
     ^~~~~~~~
c:\users\ystas\progf\lib\gcc\mingw32\6.3.0\include\c++\bits\basic_string.h:5058:5: note:   template argument deduction/substitution failed:
..\src\Tasks_1_OAuP.cpp:128:20: note:   mismatched types 'const std::__cxx11::basic_string<_CharT>' and '__gnu_cxx::__alloc_traits<std::allocator<char> >::value_type {aka char}'
    if ((s.at(i) == a) == True) {
                    ^
In file included from c:\users\ystas\progf\lib\gcc\mingw32\6.3.0\include\c++\string:52:0,
                 from c:\users\ystas\progf\lib\gcc\mingw32\6.3.0\include\c++\bits\locale_classes.h:40,
                 from c:\users\ystas\progf\lib\gcc\mingw32\6.3.0\include\c++\bits\ios_base.h:41,
                 from c:\users\ystas\progf\lib\gcc\mingw32\6.3.0\include\c++\ios:42,
                 from c:\users\ystas\progf\lib\gcc\mingw32\6.3.0\include\c++\ostream:38,
                 from c:\users\ystas\progf\lib\gcc\mingw32\6.3.0\include\c++\iostream:39,
                 from ..\src\Tasks_1_OAuP.cpp:112:
c:\users\ystas\progf\lib\gcc\mingw32\6.3.0\include\c++\bits\basic_string.h:5072:5: note: candidate: template<class _CharT, class _Traits, class _Alloc> bool std::operator==(const _CharT*, const std::__cxx11::basic_string<_CharT, _Traits, _Alloc>&)
     operator==(const _CharT* __lhs,
     ^~~~~~~~
c:\users\ystas\progf\lib\gcc\mingw32\6.3.0\include\c++\bits\basic_string.h:5072:5: note:   template argument deduction/substitution failed:
..\src\Tasks_1_OAuP.cpp:128:20: note:   mismatched types 'const _CharT*' and 'char'
    if ((s.at(i) == a) == True) {
                    ^
In file included from c:\users\ystas\progf\lib\gcc\mingw32\6.3.0\include\c++\string:52:0,
                 from c:\users\ystas\progf\lib\gcc\mingw32\6.3.0\include\c++\bits\locale_classes.h:40,
                 from c:\users\ystas\progf\lib\gcc\mingw32\6.3.0\include\c++\bits\ios_base.h:41,
                 from c:\users\ystas\progf\lib\gcc\mingw32\6.3.0\include\c++\ios:42,
                 from c:\users\ystas\progf\lib\gcc\mingw32\6.3.0\include\c++\ostream:38,
                 from c:\users\ystas\progf\lib\gcc\mingw32\6.3.0\include\c++\iostream:39,
                 from ..\src\Tasks_1_OAuP.cpp:112:
c:\users\ystas\progf\lib\gcc\mingw32\6.3.0\include\c++\bits\basic_string.h:5084:5: note: candidate: template<class _CharT, class _Traits, class _Alloc> bool std::operator==(const std::__cxx11::basic_string<_CharT, _Traits, _Alloc>&, const _CharT*)
     operator==(const basic_string<_CharT, _Traits, _Alloc>& __lhs,
     ^~~~~~~~
c:\users\ystas\progf\lib\gcc\mingw32\6.3.0\include\c++\bits\basic_string.h:5084:5: note:   template argument deduction/substitution failed:
..\src\Tasks_1_OAuP.cpp:128:20: note:   mismatched types 'const std::__cxx11::basic_string<_CharT, _Traits, _Alloc>' and '__gnu_cxx::__alloc_traits<std::allocator<char> >::value_type {aka char}'
    if ((s.at(i) == a) == True) {
                    ^
In file included from c:\users\ystas\progf\lib\gcc\mingw32\6.3.0\include\c++\bits\ios_base.h:46:0,
                 from c:\users\ystas\progf\lib\gcc\mingw32\6.3.0\include\c++\ios:42,
                 from c:\users\ystas\progf\lib\gcc\mingw32\6.3.0\include\c++\ostream:38,
                 from c:\users\ystas\progf\lib\gcc\mingw32\6.3.0\include\c++\iostream:39,
                 from ..\src\Tasks_1_OAuP.cpp:112:
c:\users\ystas\progf\lib\gcc\mingw32\6.3.0\include\c++\system_error:284:3: note: candidate: bool std::operator==(const std::error_code&, const std::error_code&)
   operator==(const error_code& __lhs, const error_code& __rhs) noexcept
   ^~~~~~~~
c:\users\ystas\progf\lib\gcc\mingw32\6.3.0\include\c++\system_error:284:3: note:   no known conversion for argument 1 from '__gnu_cxx::__alloc_traits<std::allocator<char> >::value_type {aka char}' to 'const std::error_code&'
c:\users\ystas\progf\lib\gcc\mingw32\6.3.0\include\c++\system_error:289:3: note: candidate: bool std::operator==(const std::error_code&, const std::error_condition&)
   operator==(const error_code& __lhs, const error_condition& __rhs) noexcept
   ^~~~~~~~
c:\users\ystas\progf\lib\gcc\mingw32\6.3.0\include\c++\system_error:289:3: note:   no known conversion for argument 1 from '__gnu_cxx::__alloc_traits<std::allocator<char> >::value_type {aka char}' to 'const std::error_code&'
c:\users\ystas\progf\lib\gcc\mingw32\6.3.0\include\c++\system_error:296:3: note: candidate: bool std::operator==(const std::error_condition&, const std::error_code&)
   operator==(const error_condition& __lhs, const error_code& __rhs) noexcept
   ^~~~~~~~
c:\users\ystas\progf\lib\gcc\mingw32\6.3.0\include\c++\system_error:296:3: note:   no known conversion for argument 1 from '__gnu_cxx::__alloc_traits<std::allocator<char> >::value_type {aka char}' to 'const std::error_condition&'
c:\users\ystas\progf\lib\gcc\mingw32\6.3.0\include\c++\system_error:303:3: note: candidate: bool std::operator==(const std::error_condition&, const std::error_condition&)
   operator==(const error_condition& __lhs,
   ^~~~~~~~
c:\users\ystas\progf\lib\gcc\mingw32\6.3.0\include\c++\system_error:303:3: note:   no known conversion for argument 1 from '__gnu_cxx::__alloc_traits<std::allocator<char> >::value_type {aka char}' to 'const std::error_condition&'
In file included from c:\users\ystas\progf\lib\gcc\mingw32\6.3.0\include\c++\bits\locale_facets.h:48:0,
                 from c:\users\ystas\progf\lib\gcc\mingw32\6.3.0\include\c++\bits\basic_ios.h:37,
                 from c:\users\ystas\progf\lib\gcc\mingw32\6.3.0\include\c++\ios:44,
                 from c:\users\ystas\progf\lib\gcc\mingw32\6.3.0\include\c++\ostream:38,
                 from c:\users\ystas\progf\lib\gcc\mingw32\6.3.0\include\c++\iostream:39,
                 from ..\src\Tasks_1_OAuP.cpp:112:
c:\users\ystas\progf\lib\gcc\mingw32\6.3.0\include\c++\bits\streambuf_iterator.h:204:5: note: candidate: template<class _CharT, class _Traits> bool std::operator==(const std::istreambuf_iterator<_CharT, _Traits>&, const std::istreambuf_iterator<_CharT, _Traits>&)
     operator==(const istreambuf_iterator<_CharT, _Traits>& __a,
     ^~~~~~~~
c:\users\ystas\progf\lib\gcc\mingw32\6.3.0\include\c++\bits\streambuf_iterator.h:204:5: note:   template argument deduction/substitution failed:
..\src\Tasks_1_OAuP.cpp:128:20: note:   mismatched types 'const std::istreambuf_iterator<_CharT, _Traits>' and '__gnu_cxx::__alloc_traits<std::allocator<char> >::value_type {aka char}'
    if ((s.at(i) == a) == True) {
                    ^
In file included from c:\users\ystas\progf\lib\gcc\mingw32\6.3.0\include\c++\mingw32\bits\c++allocator.h:33:0,
                 from c:\users\ystas\progf\lib\gcc\mingw32\6.3.0\include\c++\bits\allocator.h:46,
                 from c:\users\ystas\progf\lib\gcc\mingw32\6.3.0\include\c++\string:41,
                 from c:\users\ystas\progf\lib\gcc\mingw32\6.3.0\include\c++\bits\locale_classes.h:40,
                 from c:\users\ystas\progf\lib\gcc\mingw32\6.3.0\include\c++\bits\ios_base.h:41,
                 from c:\users\ystas\progf\lib\gcc\mingw32\6.3.0\include\c++\ios:42,
                 from c:\users\ystas\progf\lib\gcc\mingw32\6.3.0\include\c++\ostream:38,
                 from c:\users\ystas\progf\lib\gcc\mingw32\6.3.0\include\c++\iostream:39,
                 from ..\src\Tasks_1_OAuP.cpp:112:
c:\users\ystas\progf\lib\gcc\mingw32\6.3.0\include\c++\ext\new_allocator.h:139:5: note: candidate: template<class _Tp> bool __gnu_cxx::operator==(const __gnu_cxx::new_allocator<_Tp>&, const __gnu_cxx::new_allocator<_Tp>&)
     operator==(const new_allocator<_Tp>&, const new_allocator<_Tp>&)
     ^~~~~~~~
c:\users\ystas\progf\lib\gcc\mingw32\6.3.0\include\c++\ext\new_allocator.h:139:5: note:   template argument deduction/substitution failed:
..\src\Tasks_1_OAuP.cpp:128:20: note:   mismatched types 'const __gnu_cxx::new_allocator<_Tp>' and '__gnu_cxx::__alloc_traits<std::allocator<char> >::value_type {aka char}'
    if ((s.at(i) == a) == True) {
                    ^
In file included from c:\users\ystas\progf\lib\gcc\mingw32\6.3.0\include\c++\bits\stl_algobase.h:67:0,
                 from c:\users\ystas\progf\lib\gcc\mingw32\6.3.0\include\c++\bits\char_traits.h:39,
                 from c:\users\ystas\progf\lib\gcc\mingw32\6.3.0\include\c++\ios:40,
                 from c:\users\ystas\progf\lib\gcc\mingw32\6.3.0\include\c++\ostream:38,
                 from c:\users\ystas\progf\lib\gcc\mingw32\6.3.0\include\c++\iostream:39,
                 from ..\src\Tasks_1_OAuP.cpp:112:
c:\users\ystas\progf\lib\gcc\mingw32\6.3.0\include\c++\bits\stl_iterator.h:863:5: note: candidate: template<class _Iterator, class _Container> bool __gnu_cxx::operator==(const __gnu_cxx::__normal_iterator<_Iterator, _Container>&, const __gnu_cxx::__normal_iterator<_Iterator, _Container>&)
     operator==(const __normal_iterator<_Iterator, _Container>& __lhs,
     ^~~~~~~~
c:\users\ystas\progf\lib\gcc\mingw32\6.3.0\include\c++\bits\stl_iterator.h:863:5: note:   template argument deduction/substitution failed:
..\src\Tasks_1_OAuP.cpp:128:20: note:   mismatched types 'const __gnu_cxx::__normal_iterator<_Iterator, _Container>' and '__gnu_cxx::__alloc_traits<std::allocator<char> >::value_type {aka char}'
    if ((s.at(i) == a) == True) {
                    ^
In file included from c:\users\ystas\progf\lib\gcc\mingw32\6.3.0\include\c++\bits\stl_algobase.h:67:0,
                 from c:\users\ystas\progf\lib\gcc\mingw32\6.3.0\include\c++\bits\char_traits.h:39,
                 from c:\users\ystas\progf\lib\gcc\mingw32\6.3.0\include\c++\ios:40,
                 from c:\users\ystas\progf\lib\gcc\mingw32\6.3.0\include\c++\ostream:38,
                 from c:\users\ystas\progf\lib\gcc\mingw32\6.3.0\include\c++\iostream:39,
                 from ..\src\Tasks_1_OAuP.cpp:112:
c:\users\ystas\progf\lib\gcc\mingw32\6.3.0\include\c++\bits\stl_iterator.h:856:5: note: candidate: template<class _IteratorL, class _IteratorR, class _Container> bool __gnu_cxx::operator==(const __gnu_cxx::__normal_iterator<_IteratorL, _Container>&, const __gnu_cxx::__normal_iterator<_IteratorR, _Container>&)
     operator==(const __normal_iterator<_IteratorL, _Container>& __lhs,
     ^~~~~~~~
c:\users\ystas\progf\lib\gcc\mingw32\6.3.0\include\c++\bits\stl_iterator.h:856:5: note:   template argument deduction/substitution failed:
..\src\Tasks_1_OAuP.cpp:128:20: note:   mismatched types 'const __gnu_cxx::__normal_iterator<_IteratorL, _Container>' and '__gnu_cxx::__alloc_traits<std::allocator<char> >::value_type {aka char}'
    if ((s.at(i) == a) == True) {
                    ^
..\src\Tasks_1_OAuP.cpp:128:26: error: 'True' was not declared in this scope
    if ((s.at(i) == a) == True) {
                          ^~~~
20:10:01 **** Incremental Build of configuration Debug for project First Project ****
Info: Internal Builder is used for build
g++ -O0 -g3 -Wall -c -fmessage-length=0 -o "src\\Tasks_1_OAuP.o" "..\\src\\Tasks_1_OAuP.cpp" 
g++ -o "First Project.exe" "src\\Laboratory_work_1_Infa.o" "src\\Laboratory_work_1_OAuP.o" "src\\Tasks_1_OAuP.o" 
08:51:39 **** Incremental Build of configuration Debug for project First Project ****
Info: Internal Builder is used for build
g++ -O0 -g3 -Wall -c -fmessage-length=0 -o "src\\Tasks_1_OAuP.o" "..\\src\\Tasks_1_OAuP.cpp" 
g++ -o "First Project.exe" "src\\Laboratory_work_1_Infa.o" "src\\Laboratory_work_1_OAuP.o" "src\\Tasks_1_OAuP.o" 
08:52:14 **** Incremental Build of configuration Debug for project First Project ****
Info: Internal Builder is used for build
g++ -O0 -g3 -Wall -c -fmessage-length=0 -o "src\\Tasks_1_OAuP.o" "..\\src\\Tasks_1_OAuP.cpp" 
g++ -o "First Project.exe" "src\\Laboratory_work_1_Infa.o" "src\\Laboratory_work_1_OAuP.o" "src\\Tasks_1_OAuP.o" 
08:52:40 **** Incremental Build of configuration Debug for project First Project ****
Info: Internal Builder is used for build
g++ -O0 -g3 -Wall -c -fmessage-length=0 -o "src\\Tasks_1_OAuP.o" "..\\src\\Tasks_1_OAuP.cpp" 
g++ -o "First Project.exe" "src\\Laboratory_work_1_Infa.o" "src\\Laboratory_work_1_OAuP.o" "src\\Tasks_1_OAuP.o" 
08:56:21 **** Incremental Build of configuration Debug for project First Project ****
Info: Internal Builder is used for build
g++ -O0 -g3 -Wall -c -fmessage-length=0 -o "src\\Tasks_1_OAuP.o" "..\\src\\Tasks_1_OAuP.cpp" 
..\src\Tasks_1_OAuP.cpp: In function 'int main()':
..\src\Tasks_1_OAuP.cpp:126:4: error: expected ';' before '}' token
    }
    ^
08:56:39 **** Incremental Build of configuration Debug for project First Project ****
Info: Internal Builder is used for build
g++ -O0 -g3 -Wall -c -fmessage-length=0 -o "src\\Tasks_1_OAuP.o" "..\\src\\Tasks_1_OAuP.cpp" 
g++ -o "First Project.exe" "src\\Laboratory_work_1_Infa.o" "src\\Laboratory_work_1_OAuP.o" "src\\Tasks_1_OAuP.o" 
08:59:14 **** Incremental Build of configuration Debug for project First Project ****
Info: Internal Builder is used for build
g++ -O0 -g3 -Wall -c -fmessage-length=0 -o "src\\Tasks_1_OAuP.o" "..\\src\\Tasks_1_OAuP.cpp" 
..\src\Tasks_1_OAuP.cpp: In function 'int main()':
..\src\Tasks_1_OAuP.cpp:125:4: error: expected ';' before 'break'
    break;
    ^~~~~
08:59:20 **** Incremental Build of configuration Debug for project First Project ****
Info: Internal Builder is used for build
g++ -O0 -g3 -Wall -c -fmessage-length=0 -o "src\\Tasks_1_OAuP.o" "..\\src\\Tasks_1_OAuP.cpp" 
g++ -o "First Project.exe" "src\\Laboratory_work_1_Infa.o" "src\\Laboratory_work_1_OAuP.o" "src\\Tasks_1_OAuP.o" 
08:59:47 **** Incremental Build of configuration Debug for project First Project ****
Info: Internal Builder is used for build
g++ -O0 -g3 -Wall -c -fmessage-length=0 -o "src\\Tasks_1_OAuP.o" "..\\src\\Tasks_1_OAuP.cpp" 
g++ -o "First Project.exe" "src\\Laboratory_work_1_Infa.o" "src\\Laboratory_work_1_OAuP.o" "src\\Tasks_1_OAuP.o" 
09:10:31 **** Incremental Build of configuration Debug for project First Project ****
Info: Internal Builder is used for build
g++ -O0 -g3 -Wall -c -fmessage-length=0 -o "src\\Tasks_1_OAuP.o" "..\\src\\Tasks_1_OAuP.cpp" 
g++ -o "First Project.exe" "src\\Laboratory_work_1_Infa.o" "src\\Laboratory_work_1_OAuP.o" "src\\Tasks_1_OAuP.o" 
09:12:26 **** Incremental Build of configuration Debug for project First Project ****
Info: Internal Builder is used for build
g++ -O0 -g3 -Wall -c -fmessage-length=0 -o "src\\Tasks_1_OAuP.o" "..\\src\\Tasks_1_OAuP.cpp" 
g++ -o "First Project.exe" "src\\Laboratory_work_1_Infa.o" "src\\Laboratory_work_1_OAuP.o" "src\\Tasks_1_OAuP.o" 
09:14:12 **** Incremental Build of configuration Debug for project First Project ****
Info: Internal Builder is used for build
g++ -O0 -g3 -Wall -c -fmessage-length=0 -o "src\\Tasks_1_OAuP.o" "..\\src\\Tasks_1_OAuP.cpp" 
g++ -o "First Project.exe" "src\\Laboratory_work_1_Infa.o" "src\\Laboratory_work_1_OAuP.o" "src\\Tasks_1_OAuP.o" 
Info: Nothing to build for First Project
Info: Nothing to build for First Project
09:21:14 **** Incremental Build of configuration Debug for project First Project ****
Info: Internal Builder is used for build
g++ -O0 -g3 -Wall -c -fmessage-length=0 -o "src\\Tasks_1_OAuP.o" "..\\src\\Tasks_1_OAuP.cpp" 
..\src\Tasks_1_OAuP.cpp: In function 'int main()':
..\src\Tasks_1_OAuP.cpp:175:8: error: no match for 'operator>>' (operand types are 'std::ostream {aka std::basic_ostream<char>}' and 'const char [11]')
   cout >> "Отриц";
   ~~~~~^~~~~~~~~~~~~~~
In file included from c:\users\ystas\progf\lib\gcc\mingw32\6.3.0\include\c++\string:53:0,
                 from c:\users\ystas\progf\lib\gcc\mingw32\6.3.0\include\c++\bits\locale_classes.h:40,
                 from c:\users\ystas\progf\lib\gcc\mingw32\6.3.0\include\c++\bits\ios_base.h:41,
                 from c:\users\ystas\progf\lib\gcc\mingw32\6.3.0\include\c++\ios:42,
                 from c:\users\ystas\progf\lib\gcc\mingw32\6.3.0\include\c++\ostream:38,
                 from c:\users\ystas\progf\lib\gcc\mingw32\6.3.0\include\c++\iostream:39,
                 from ..\src\Tasks_1_OAuP.cpp:162:
c:\users\ystas\progf\lib\gcc\mingw32\6.3.0\include\c++\bits\basic_string.tcc:1437:5: note: candidate: template<class _CharT, class _Traits, class _Alloc> std::basic_istream<_CharT, _Traits>& std::operator>>(std::basic_istream<_CharT, _Traits>&, std::__cxx11::basic_string<_CharT, _Traits, _Alloc>&)
     operator>>(basic_istream<_CharT, _Traits>& __in,
     ^~~~~~~~
c:\users\ystas\progf\lib\gcc\mingw32\6.3.0\include\c++\bits\basic_string.tcc:1437:5: note:   template argument deduction/substitution failed:
..\src\Tasks_1_OAuP.cpp:175:11: note:   'std::ostream {aka std::basic_ostream<char>}' is not derived from 'std::basic_istream<_CharT, _Traits>'
   cout >> "Отриц";
           ^~~~~~~~~~~~
In file included from c:\users\ystas\progf\lib\gcc\mingw32\6.3.0\include\c++\istream:934:0,
                 from c:\users\ystas\progf\lib\gcc\mingw32\6.3.0\include\c++\iostream:40,
                 from ..\src\Tasks_1_OAuP.cpp:162:
c:\users\ystas\progf\lib\gcc\mingw32\6.3.0\include\c++\bits\istream.tcc:955:5: note: candidate: template<class _CharT2, class _Traits2> std::basic_istream<_CharT, _Traits>& std::operator>>(std::basic_istream<_CharT, _Traits>&, _CharT2*)
     operator>>(basic_istream<_CharT, _Traits>& __in, _CharT* __s)
     ^~~~~~~~
c:\users\ystas\progf\lib\gcc\mingw32\6.3.0\include\c++\bits\istream.tcc:955:5: note:   template argument deduction/substitution failed:
..\src\Tasks_1_OAuP.cpp:175:11: note:   'std::ostream {aka std::basic_ostream<char>}' is not derived from 'std::basic_istream<_CharT, _Traits>'
   cout >> "Отриц";
           ^~~~~~~~~~~~
In file included from c:\users\ystas\progf\lib\gcc\mingw32\6.3.0\include\c++\istream:934:0,
                 from c:\users\ystas\progf\lib\gcc\mingw32\6.3.0\include\c++\iostream:40,
                 from ..\src\Tasks_1_OAuP.cpp:162:
c:\users\ystas\progf\lib\gcc\mingw32\6.3.0\include\c++\bits\istream.tcc:923:5: note: candidate: template<class _CharT, class _Traits> std::basic_istream<_CharT, _Traits>& std::operator>>(std::basic_istream<_CharT, _Traits>&, _CharT&)
     operator>>(basic_istream<_CharT, _Traits>& __in, _CharT& __c)
     ^~~~~~~~
c:\users\ystas\progf\lib\gcc\mingw32\6.3.0\include\c++\bits\istream.tcc:923:5: note:   template argument deduction/substitution failed:
..\src\Tasks_1_OAuP.cpp:175:11: note:   'std::ostream {aka std::basic_ostream<char>}' is not derived from 'std::basic_istream<_CharT, _Traits>'
   cout >> "Отриц";
           ^~~~~~~~~~~~
In file included from c:\users\ystas\progf\lib\gcc\mingw32\6.3.0\include\c++\iostream:40:0,
                 from ..\src\Tasks_1_OAuP.cpp:162:
c:\users\ystas\progf\lib\gcc\mingw32\6.3.0\include\c++\istream:756:5: note: candidate: template<class _Traits> std::basic_istream<char, _Traits>& std::operator>>(std::basic_istream<char, _Traits>&, unsigned char&)
     operator>>(basic_istream<char, _Traits>& __in, unsigned char& __c)
     ^~~~~~~~
c:\users\ystas\progf\lib\gcc\mingw32\6.3.0\include\c++\istream:756:5: note:   template argument deduction/substitution failed:
..\src\Tasks_1_OAuP.cpp:175:11: note:   'std::ostream {aka std::basic_ostream<char>}' is not derived from 'std::basic_istream<char, _Traits>'
   cout >> "Отриц";
           ^~~~~~~~~~~~
In file included from c:\users\ystas\progf\lib\gcc\mingw32\6.3.0\include\c++\iostream:40:0,
                 from ..\src\Tasks_1_OAuP.cpp:162:
c:\users\ystas\progf\lib\gcc\mingw32\6.3.0\include\c++\istream:761:5: note: candidate: template<class _Traits> std::basic_istream<char, _Traits>& std::operator>>(std::basic_istream<char, _Traits>&, signed char&)
     operator>>(basic_istream<char, _Traits>& __in, signed char& __c)
     ^~~~~~~~
c:\users\ystas\progf\lib\gcc\mingw32\6.3.0\include\c++\istream:761:5: note:   template argument deduction/substitution failed:
..\src\Tasks_1_OAuP.cpp:175:11: note:   'std::ostream {aka std::basic_ostream<char>}' is not derived from 'std::basic_istream<char, _Traits>'
   cout >> "Отриц";
           ^~~~~~~~~~~~
In file included from c:\users\ystas\progf\lib\gcc\mingw32\6.3.0\include\c++\iostream:40:0,
                 from ..\src\Tasks_1_OAuP.cpp:162:
c:\users\ystas\progf\lib\gcc\mingw32\6.3.0\include\c++\istream:803:5: note: candidate: template<class _Traits> std::basic_istream<char, _Traits>& std::operator>>(std::basic_istream<char, _Traits>&, unsigned char*)
     operator>>(basic_istream<char, _Traits>& __in, unsigned char* __s)
     ^~~~~~~~
c:\users\ystas\progf\lib\gcc\mingw32\6.3.0\include\c++\istream:803:5: note:   template argument deduction/substitution failed:
..\src\Tasks_1_OAuP.cpp:175:11: note:   'std::ostream {aka std::basic_ostream<char>}' is not derived from 'std::basic_istream<char, _Traits>'
   cout >> "Отриц";
           ^~~~~~~~~~~~
In file included from c:\users\ystas\progf\lib\gcc\mingw32\6.3.0\include\c++\iostream:40:0,
                 from ..\src\Tasks_1_OAuP.cpp:162:
c:\users\ystas\progf\lib\gcc\mingw32\6.3.0\include\c++\istream:808:5: note: candidate: template<class _Traits> std::basic_istream<char, _Traits>& std::operator>>(std::basic_istream<char, _Traits>&, signed char*)
     operator>>(basic_istream<char, _Traits>& __in, signed char* __s)
     ^~~~~~~~
c:\users\ystas\progf\lib\gcc\mingw32\6.3.0\include\c++\istream:808:5: note:   template argument deduction/substitution failed:
..\src\Tasks_1_OAuP.cpp:175:11: note:   'std::ostream {aka std::basic_ostream<char>}' is not derived from 'std::basic_istream<char, _Traits>'
   cout >> "Отриц";
           ^~~~~~~~~~~~
In file included from c:\users\ystas\progf\lib\gcc\mingw32\6.3.0\include\c++\iostream:40:0,
                 from ..\src\Tasks_1_OAuP.cpp:162:
c:\users\ystas\progf\lib\gcc\mingw32\6.3.0\include\c++\istream:924:5: note: candidate: template<class _CharT, class _Traits, class _Tp> std::basic_istream<_CharT, _Traits>& std::operator>>(std::basic_istream<_CharT, _Traits>&&, _Tp&)
     operator>>(basic_istream<_CharT, _Traits>&& __is, _Tp& __x)
     ^~~~~~~~
c:\users\ystas\progf\lib\gcc\mingw32\6.3.0\include\c++\istream:924:5: note:   template argument deduction/substitution failed:
..\src\Tasks_1_OAuP.cpp:175:11: note:   'std::ostream {aka std::basic_ostream<char>}' is not derived from 'std::basic_istream<_CharT, _Traits>'
   cout >> "Отриц";
           ^~~~~~~~~~~~
09:21:57 **** Incremental Build of configuration Debug for project First Project ****
Info: Internal Builder is used for build
g++ -O0 -g3 -Wall -c -fmessage-length=0 -o "src\\Tasks_1_OAuP.o" "..\\src\\Tasks_1_OAuP.cpp" 
g++ -o "First Project.exe" "src\\Laboratory_work_1_Infa.o" "src\\Laboratory_work_1_OAuP.o" "src\\Tasks_1_OAuP.o" 
Info: Nothing to build for First Project
Info: Nothing to build for First Project
09:31:21 **** Incremental Build of configuration Debug for project First Project ****
Info: Internal Builder is used for build
g++ -O0 -g3 -Wall -c -fmessage-length=0 -o "src\\Tasks_1_OAuP.o" "..\\src\\Tasks_1_OAuP.cpp" 
..\src\Tasks_1_OAuP.cpp: In function 'int main()':
..\src\Tasks_1_OAuP.cpp:185:13: error: conversion from 'int' to non-scalar type 'std::__cxx11::string {aka std::__cxx11::basic_string<char>}' requested
  string a = 32;
             ^~
09:33:06 **** Incremental Build of configuration Debug for project First Project ****
Info: Internal Builder is used for build
g++ -O0 -g3 -Wall -c -fmessage-length=0 -o "src\\Tasks_1_OAuP.o" "..\\src\\Tasks_1_OAuP.cpp" 
..\src\Tasks_1_OAuP.cpp: In function 'int main()':
..\src\Tasks_1_OAuP.cpp:185:11: error: invalid conversion from 'const char*' to 'char' [-fpermissive]
  char a = " ";
           ^~~
09:37:22 **** Incremental Build of configuration Debug for project First Project ****
Info: Internal Builder is used for build
g++ -O0 -g3 -Wall -c -fmessage-length=0 -o "src\\Tasks_1_OAuP.o" "..\\src\\Tasks_1_OAuP.cpp" 
g++ -o "First Project.exe" "src\\Laboratory_work_1_Infa.o" "src\\Laboratory_work_1_OAuP.o" "src\\Tasks_1_OAuP.o" 
09:38:23 **** Incremental Build of configuration Debug for project First Project ****
Info: Internal Builder is used for build
g++ -O0 -g3 -Wall -c -fmessage-length=0 -o "src\\Tasks_1_OAuP.o" "..\\src\\Tasks_1_OAuP.cpp" 
..\src\Tasks_1_OAuP.cpp: In function 'int main()':
..\src\Tasks_1_OAuP.cpp:185:11: error: invalid conversion from 'const char*' to 'char' [-fpermissive]
  char a = " ";
           ^~~
09:38:56 **** Incremental Build of configuration Debug for project First Project ****
Info: Internal Builder is used for build
g++ -O0 -g3 -Wall -c -fmessage-length=0 -o "src\\Tasks_1_OAuP.o" "..\\src\\Tasks_1_OAuP.cpp" 
..\src\Tasks_1_OAuP.cpp: In function 'int main()':
..\src\Tasks_1_OAuP.cpp:185:17: error: invalid conversion from 'const char*' to 'char' [-fpermissive]
  const char a = " ";
                 ^~~
09:41:19 **** Incremental Build of configuration Debug for project First Project ****
Info: Internal Builder is used for build
g++ -O0 -g3 -Wall -c -fmessage-length=0 -o "src\\Tasks_1_OAuP.o" "..\\src\\Tasks_1_OAuP.cpp" 
g++ -o "First Project.exe" "src\\Laboratory_work_1_Infa.o" "src\\Laboratory_work_1_OAuP.o" "src\\Tasks_1_OAuP.o" 
09:44:14 **** Incremental Build of configuration Debug for project First Project ****
Info: Internal Builder is used for build
g++ -O0 -g3 -Wall -c -fmessage-length=0 -o "src\\Tasks_1_OAuP.o" "..\\src\\Tasks_1_OAuP.cpp" 
g++ -o "First Project.exe" "src\\Laboratory_work_1_Infa.o" "src\\Laboratory_work_1_OAuP.o" "src\\Tasks_1_OAuP.o" 
09:44:44 **** Incremental Build of configuration Debug for project First Project ****
Info: Internal Builder is used for build
g++ -O0 -g3 -Wall -c -fmessage-length=0 -o "src\\Tasks_1_OAuP.o" "..\\src\\Tasks_1_OAuP.cpp" 
g++ -o "First Project.exe" "src\\Laboratory_work_1_Infa.o" "src\\Laboratory_work_1_OAuP.o" "src\\Tasks_1_OAuP.o" 
09:46:13 **** Incremental Build of configuration Debug for project First Project ****
Info: Internal Builder is used for build
g++ -O0 -g3 -Wall -c -fmessage-length=0 -o "src\\Tasks_1_OAuP.o" "..\\src\\Tasks_1_OAuP.cpp" 
g++ -o "First Project.exe" "src\\Laboratory_work_1_Infa.o" "src\\Laboratory_work_1_OAuP.o" "src\\Tasks_1_OAuP.o" 
